ASSERTION	AAEDAAECAwAAAAAAAECfQA==
ASSERTION	AAEDAAEDAwAAAAAAAEB/QA==
ASSERTION	AAEDAAEFAAAAAAAAwFdAAwAAAAAAAEBvQA==
ASSERTION	AAECAAIEAAAAAAAAwFdA
RUN	gatling.test.example.simulation.ExampleSimulation	examplesimulation	1677723924070	 	3.9.0
USER	Root end point calls	START	1677723924696
REQUEST		root end point	1677723924691	1677723924707	OK	 
USER	Root end point calls	END	1677723924719
USER	Root end point calls	START	1677723924767
REQUEST		root end point	1677723924766	1677723924772	OK	 
USER	Root end point calls	END	1677723924772
USER	Root end point calls	START	1677723924867
REQUEST		root end point	1677723924866	1677723924872	OK	 
USER	Root end point calls	END	1677723924872
USER	Root end point calls	START	1677723924967
REQUEST		root end point	1677723924966	1677723924973	OK	 
USER	Root end point calls	END	1677723924974
USER	Root end point calls	START	1677723925068
REQUEST		root end point	1677723925067	1677723925074	OK	 
USER	Root end point calls	END	1677723925075
USER	Root end point calls	START	1677723925168
REQUEST		root end point	1677723925167	1677723925172	OK	 
USER	Root end point calls	END	1677723925173
USER	Root end point calls	START	1677723925267
REQUEST		root end point	1677723925266	1677723925273	OK	 
USER	Root end point calls	END	1677723925274
USER	Root end point calls	START	1677723925369
REQUEST		root end point	1677723925368	1677723925375	OK	 
USER	Root end point calls	END	1677723925376
USER	Root end point calls	START	1677723925468
REQUEST		root end point	1677723925467	1677723925474	OK	 
USER	Root end point calls	END	1677723925475
USER	Root end point calls	START	1677723925568
REQUEST		root end point	1677723925567	1677723925574	OK	 
USER	Root end point calls	END	1677723925574
USER	Root end point calls	START	1677723925668
REQUEST		root end point	1677723925667	1677723925674	OK	 
USER	Root end point calls	END	1677723925675
USER	Root end point calls	START	1677723925767
REQUEST		root end point	1677723925767	1677723925773	OK	 
USER	Root end point calls	END	1677723925774
USER	Root end point calls	START	1677723925868
REQUEST		root end point	1677723925867	1677723925874	OK	 
USER	Root end point calls	END	1677723925875
USER	Root end point calls	START	1677723925968
REQUEST		root end point	1677723925967	1677723925974	OK	 
USER	Root end point calls	END	1677723925974
USER	Root end point calls	START	1677723926068
REQUEST		root end point	1677723926067	1677723926074	OK	 
USER	Root end point calls	END	1677723926075
USER	Root end point calls	START	1677723926168
REQUEST		root end point	1677723926167	1677723926174	OK	 
USER	Root end point calls	END	1677723926174
USER	Root end point calls	START	1677723926269
REQUEST		root end point	1677723926268	1677723926274	OK	 
USER	Root end point calls	END	1677723926274
USER	Root end point calls	START	1677723926369
REQUEST		root end point	1677723926368	1677723926374	OK	 
USER	Root end point calls	END	1677723926374
USER	Root end point calls	START	1677723926469
REQUEST		root end point	1677723926468	1677723926475	OK	 
USER	Root end point calls	END	1677723926476
USER	Root end point calls	START	1677723926569
REQUEST		root end point	1677723926568	1677723926575	OK	 
USER	Root end point calls	END	1677723926576
USER	Root end point calls	START	1677723926669
REQUEST		root end point	1677723926668	1677723926676	OK	 
USER	Root end point calls	END	1677723926676
USER	Root end point calls	START	1677723926764
REQUEST		root end point	1677723926764	1677723926771	OK	 
USER	Root end point calls	END	1677723926771
USER	Root end point calls	START	1677723926865
REQUEST		root end point	1677723926864	1677723926871	OK	 
USER	Root end point calls	END	1677723926872
USER	Root end point calls	START	1677723926965
REQUEST		root end point	1677723926964	1677723926971	OK	 
USER	Root end point calls	END	1677723926972
USER	Root end point calls	START	1677723927065
REQUEST		root end point	1677723927064	1677723927071	OK	 
USER	Root end point calls	END	1677723927072
USER	Root end point calls	START	1677723927166
REQUEST		root end point	1677723927165	1677723927172	OK	 
USER	Root end point calls	END	1677723927172
USER	Root end point calls	START	1677723927266
REQUEST		root end point	1677723927265	1677723927272	OK	 
USER	Root end point calls	END	1677723927272
USER	Root end point calls	START	1677723927366
REQUEST		root end point	1677723927365	1677723927372	OK	 
USER	Root end point calls	END	1677723927372
USER	Root end point calls	START	1677723927465
REQUEST		root end point	1677723927464	1677723927471	OK	 
USER	Root end point calls	END	1677723927471
USER	Root end point calls	START	1677723927565
REQUEST		root end point	1677723927564	1677723927571	OK	 
USER	Root end point calls	END	1677723927572
USER	Root end point calls	START	1677723927666
REQUEST		root end point	1677723927665	1677723927693	OK	 
USER	Root end point calls	END	1677723927694
USER	Root end point calls	START	1677723927764
REQUEST		root end point	1677723927763	1677723927770	OK	 
USER	Root end point calls	END	1677723927771
USER	Root end point calls	START	1677723927865
REQUEST		root end point	1677723927864	1677723927871	OK	 
USER	Root end point calls	END	1677723927872
USER	Root end point calls	START	1677723927965
REQUEST		root end point	1677723927964	1677723927972	OK	 
USER	Root end point calls	END	1677723927972
USER	Root end point calls	START	1677723928065
REQUEST		root end point	1677723928065	1677723928072	OK	 
USER	Root end point calls	END	1677723928072
USER	Root end point calls	START	1677723928165
REQUEST		root end point	1677723928165	1677723928171	OK	 
USER	Root end point calls	END	1677723928172
USER	Root end point calls	START	1677723928266
REQUEST		root end point	1677723928265	1677723928272	OK	 
USER	Root end point calls	END	1677723928272
USER	Root end point calls	START	1677723928365
REQUEST		root end point	1677723928365	1677723928372	OK	 
USER	Root end point calls	END	1677723928372
USER	Root end point calls	START	1677723928466
REQUEST		root end point	1677723928465	1677723928472	OK	 
USER	Root end point calls	END	1677723928472
USER	Root end point calls	START	1677723928566
REQUEST		root end point	1677723928565	1677723928572	OK	 
USER	Root end point calls	END	1677723928572
USER	Root end point calls	START	1677723928666
REQUEST		root end point	1677723928665	1677723928672	OK	 
USER	Root end point calls	END	1677723928672
USER	Root end point calls	START	1677723928764
REQUEST		root end point	1677723928763	1677723928770	OK	 
USER	Root end point calls	END	1677723928771
USER	Root end point calls	START	1677723928865
REQUEST		root end point	1677723928864	1677723928871	OK	 
USER	Root end point calls	END	1677723928872
USER	Root end point calls	START	1677723928965
REQUEST		root end point	1677723928964	1677723928971	OK	 
USER	Root end point calls	END	1677723928972
USER	Root end point calls	START	1677723929065
REQUEST		root end point	1677723929064	1677723929071	OK	 
USER	Root end point calls	END	1677723929071
USER	Root end point calls	START	1677723929165
REQUEST		root end point	1677723929164	1677723929171	OK	 
USER	Root end point calls	END	1677723929171
USER	Root end point calls	START	1677723929265
REQUEST		root end point	1677723929265	1677723929271	OK	 
USER	Root end point calls	END	1677723929272
USER	Root end point calls	START	1677723929365
REQUEST		root end point	1677723929365	1677723929371	OK	 
USER	Root end point calls	END	1677723929372
USER	Root end point calls	START	1677723929465
REQUEST		root end point	1677723929464	1677723929471	OK	 
USER	Root end point calls	END	1677723929471
USER	Root end point calls	START	1677723929565
REQUEST		root end point	1677723929564	1677723929570	OK	 
USER	Root end point calls	END	1677723929571
USER	Root end point calls	START	1677723929666
REQUEST		root end point	1677723929665	1677723929671	OK	 
USER	Root end point calls	END	1677723929671
USER	Root end point calls	START	1677723929764
REQUEST		root end point	1677723929763	1677723929770	OK	 
USER	Root end point calls	END	1677723929770
USER	Root end point calls	START	1677723929865
REQUEST		root end point	1677723929864	1677723929870	OK	 
USER	Root end point calls	END	1677723929871
USER	Root end point calls	START	1677723929965
REQUEST		root end point	1677723929964	1677723929971	OK	 
USER	