ASSERTION	AAEDAAECAwAAAAAAAECfQA==
ASSERTION	AAEDAAEDAwAAAAAAAEB/QA==
ASSERTION	AAEDAAEFAAAAAAAAwFdAAwAAAAAAAEBvQA==
ASSERTION	AAECAAIEAAAAAAAAwFdA
RUN	gatling.test.example.simulation.ExampleSimulation	examplesimulation	1677723962284	 	3.9.0
USER	Root end point calls	START	1677723962845
REQUEST		root end point	1677723962840	1677723962854	OK	 
USER	Root end point calls	END	1677723962866
USER	Root end point calls	START	1677723962917
REQUEST		root end point	1677723962916	1677723962922	OK	 
USER	Root end point calls	END	1677723962922
USER	Root end point calls	START	1677723963017
REQUEST		root end point	1677723963016	1677723963021	OK	 
USER	Root end point calls	END	1677723963022
USER	Root end point calls	START	1677723963117
REQUEST		root end point	1677723963116	1677723963122	OK	 
USER	Root end point calls	END	1677723963122
USER	Root end point calls	START	1677723963218
REQUEST		root end point	1677723963217	1677723963222	OK	 
USER	Root end point calls	END	1677723963223
USER	Root end point calls	START	1677723963318
REQUEST		root end point	1677723963317	1677723963321	OK	 
USER	Root end point calls	END	1677723963321
USER	Root end point calls	START	1677723963417
REQUEST		root end point	1677723963417	1677723963421	OK	 
USER	Root end point calls	END	1677723963422
USER	Root end point calls	START	1677723963518
REQUEST		root end point	1677723963517	1677723963523	OK	 
USER	Root end point calls	END	1677723963523
USER	Root end point calls	START	1677723963618
REQUEST		root end point	1677723963617	1677723963623	OK	 
USER	Root end point calls	END	1677723963623
USER	Root end point calls	START	1677723963719
REQUEST		root end point	1677723963718	1677723963723	OK	 
USER	Root end point calls	END	1677723963724
USER	Root end point calls	START	1677723963819
REQUEST		root end point	1677723963818	1677723963824	OK	 
USER	Root end point calls	END	1677723963825
USER	Root end point calls	START	1677723963919
REQUEST		root end point	1677723963918	1677723963922	OK	 
USER	Root end point calls	END	1677723963922
USER	Root end point calls	START	1677723964018
REQUEST		root end point	1677723964018	1677723964023	OK	 
USER	Root end point calls	END	1677723964023
USER	Root end point calls	START	1677723964119
REQUEST		root end point	1677723964118	1677723964124	OK	 
USER	Root end point calls	END	1677723964124
USER	Root end point calls	START	1677723964219
REQUEST		root end point	1677723964218	1677723964224	OK	 
USER	Root end point calls	END	1677723964224
USER	Root end point calls	START	1677723964319
REQUEST		root end point	1677723964319	1677723964323	OK	 
USER	Root end point calls	END	1677723964324
USER	Root end point calls	START	1677723964418
REQUEST		root end point	1677723964418	1677723964422	OK	 
USER	Root end point calls	END	1677723964423
USER	Root end point calls	START	1677723964520
REQUEST		root end point	1677723964519	1677723964524	OK	 
USER	Root end point calls	END	1677723964525
USER	Root end point calls	START	1677723964620
REQUEST		root end point	1677723964619	1677723964624	OK	 
USER	Root end point calls	END	1677723964625
USER	Root end point calls	START	1677723964719
REQUEST		root end point	1677723964718	1677723964724	OK	 
USER	Root end point calls	END	1677723964724
USER	Root end point calls	START	1677723964819
REQUEST		root end point	1677723964818	1677723964824	OK	 
USER	Root end point calls	END	1677723964824
USER	Root end point calls	START	1677723964916
REQUEST		root end point	1677723964915	1677723964919	OK	 
USER	Root end point calls	END	1677723964919
USER	Root end point calls	START	1677723965015
REQUEST		root end point	1677723965014	1677723965019	OK	 
USER	Root end point calls	END	1677723965019
USER	Root end point calls	START	1677723965116
REQUEST		root end point	1677723965115	1677723965120	OK	 
USER	Root end point calls	END	1677723965120
USER	Root end point calls	START	1677723965215
REQUEST		root end point	1677723965214	1677723965220	OK	 
USER	Root end point calls	END	1677723965220
USER	Root end point calls	START	1677723965316
REQUEST		root end point	1677723965315	1677723965320	OK	 
USER	Root end point calls	END	1677723965321
USER	Root end point calls	START	1677723965415
REQUEST		root end point	1677723965415	1677723965419	OK	 
USER	Root end point calls	END	1677723965420
USER	Root end point calls	START	1677723965515
REQUEST		root end point	1677723965515	1677723965520	OK	 
USER	Root end point calls	END	1677723965521
USER	Root end point calls	START	1677723965616
REQUEST		root end point	1677723965615	1677723965621	OK	 
USER	Root end point calls	END	1677723965621
USER	Root end point calls	START	1677723965716
REQUEST		root end point	1677723965715	1677723965720	OK	 
USER	Root end point calls	END	1677723965720
USER	Root end point calls	START	1677723965817
REQUEST		root end point	1677723965816	1677723965821	OK	 
USER	Root end point calls	END	1677723965822
USER	Root end point calls	START	1677723965915
REQUEST		root end point	1677723965914	1677723965919	OK	 
USER	Root end point calls	END	1677723965920
USER	Root end point calls	START	1677723966015
REQUEST		root end point	1677723966014	1677723966019	OK	 
USER	Root end point calls	END	1677723966020
USER	Root end point calls	START	1677723966115
REQUEST		root end point	1677723966115	1677723966120	OK	 
USER	Root end point calls	END	1677723966121
USER	Root end point calls	START	1677723966215
REQUEST		root end point	1677723966215	1677723966219	OK	 
USER	Root end point calls	END	1677723966220
USER	Root end point calls	START	1677723966316
REQUEST		root end point	1677723966315	1677723966320	OK	 
USER	Root end point calls	END	1677723966320
USER	Root end point calls	START	1677723966415
REQUEST		root end point	1677723966415	1677723966419	OK	 
USER	Root end point calls	END	1677723966420
USER	Root end point calls	START	1677723966515
REQUEST		root end point	1677723966515	1677723966518	OK	 
USER	Root end point calls	END	1677723966518
USER	Root end point calls	START	1677723966616
REQUEST		root end point	1677723966615	1677723966621	OK	 
USER	Root end point calls	END	1677723966621
USER	Root end point calls	START	1677723966716
REQUEST		root end point	1677723966715	1677723966721	OK	 
USER	Root end point calls	END	1677723966721
USER	Root end point calls	START	1677723966816
REQUEST		root end point	1677723966816	1677723966821	OK	 
USER	Root end point calls	END	1677723966821
USER	Root end point calls	START	1677723966915
REQUEST		root end point	1677723966914	1677723966919	OK	 
USER	Root end point calls	END	1677723966919
USER	Root end point calls	START	1677723967015
REQUEST		root end point	1677723967014	1677723967019	OK	 
USER	Root end point calls	END	1677723967019
USER	Root end point calls	START	1677723967114
REQUEST		root end point	1677723967114	1677723967119	OK	 
USER	Root end point calls	END	1677723967119
USER	Root end point calls	START	1677723967214
REQUEST		root end point	1677723967213	1677723967218	OK	 
USER	Root end point calls	END	1677723967218
USER	Root end point calls	START	1677723967315
REQUEST		root end point	1677723967314	1677723967319	OK	 
USER	Root end point calls	END	1677723967319
USER	Root end point calls	START	1677723967414
REQUEST		root end point	1677723967414	1677723967418	OK	 
USER	Root end point calls	END	1677723967418
USER	Root end point calls	START	1677723967515
REQUEST		root end point	1677723967515	1677723967519	OK	 
USER	Root end point calls	END	1677723967520
USER	Root end point calls	START	1677723967615
REQUEST		root end point	1677723967615	1677723967620	OK	 
USER	Root end point calls	END	1677723967620
USER	Root end point calls	START	1677723967715
REQUEST		root end point	1677723967714	1677723967719	OK	 
USER	Root end point calls	END	1677723967719
USER	Root end point calls	START	1677723967816
REQUEST		root end point	1677723967815	1677723967820	OK	 
USER	Root end point calls	END	1677723967821
USER	Root end point calls	START	1677723967913
REQUEST		root end point	1677723967913	1677723967917	OK	 
USER	Root end point calls	END	1677723967917
USER	Root end point calls	START	1677723968015
REQUEST		root end point	1677723968014	1677723968019	OK	 
USER	Root end point calls	END	1677723968019
USER	Root end point calls	START	1677723968114
REQUEST		root end point	1677723968114	1677723968119	OK	 
USER	