ASSERTION	AAEDAAECAwAAAAAAAECfQA==
ASSERTION	AAEDAAEDAwAAAAAAAEB/QA==
ASSERTION	AAEDAAEFAAAAAAAAwFdAAwAAAAAAAEBvQA==
ASSERTION	AAECAAIEAAAAAAAAwFdA
RUN	gatling.test.example.simulation.ExampleSimulation	examplesimulation	1677750824391	 	3.9.0
USER	Root end point calls	START	1677750825226
REQUEST		root end point	1677750825221	1677750825246	OK	 
USER	Root end point calls	END	1677750825259
USER	Root end point calls	START	1677750825295
REQUEST		root end point	1677750825293	1677750825300	OK	 
USER	Root end point calls	END	1677750825300
USER	Root end point calls	START	1677750825395
REQUEST		root end point	1677750825394	1677750825399	OK	 
USER	Root end point calls	END	1677750825399
USER	Root end point calls	START	1677750825494
REQUEST		root end point	1677750825494	1677750825499	OK	 
USER	Root end point calls	END	1677750825500
USER	Root end point calls	START	1677750825595
REQUEST		root end point	1677750825594	1677750825598	OK	 
USER	Root end point calls	END	1677750825599
USER	Root end point calls	START	1677750825696
REQUEST		root end point	1677750825695	1677750825701	OK	 
USER	Root end point calls	END	1677750825701
USER	Root end point calls	START	1677750825795
REQUEST		root end point	1677750825794	1677750825798	OK	 
USER	Root end point calls	END	1677750825798
USER	Root end point calls	START	1677750825895
REQUEST		root end point	1677750825894	1677750825899	OK	 
USER	Root end point calls	END	1677750825899
USER	Root end point calls	START	1677750825995
REQUEST		root end point	1677750825994	1677750826000	OK	 
USER	Root end point calls	END	1677750826001
USER	Root end point calls	START	1677750826096
REQUEST		root end point	1677750826095	1677750826101	OK	 
USER	Root end point calls	END	1677750826102
USER	Root end point calls	START	1677750826196
REQUEST		root end point	1677750826195	1677750826201	OK	 
USER	Root end point calls	END	1677750826201
USER	Root end point calls	START	1677750826296
REQUEST		root end point	1677750826295	1677750826301	OK	 
USER	Root end point calls	END	1677750826302
USER	Root end point calls	START	1677750826397
REQUEST		root end point	1677750826396	1677750826401	OK	 
USER	Root end point calls	END	1677750826402
USER	Root end point calls	START	1677750826497
REQUEST		root end point	1677750826496	1677750826500	OK	 
USER	Root end point calls	END	1677750826501
USER	Root end point calls	START	1677750826597
REQUEST		root end point	1677750826596	1677750826602	OK	 
USER	Root end point calls	END	1677750826602
USER	Root end point calls	START	1677750826696
REQUEST		root end point	1677750826695	1677750826699	OK	 
USER	Root end point calls	END	1677750826699
USER	Root end point calls	START	1677750826797
REQUEST		root end point	1677750826796	1677750826802	OK	 
USER	Root end point calls	END	1677750826803
USER	Root end point calls	START	1677750826897
REQUEST		root end point	1677750826896	1677750826902	OK	 
USER	Root end point calls	END	1677750826902
USER	Root end point calls	START	1677750826997
REQUEST		root end point	1677750826996	1677750827002	OK	 
USER	Root end point calls	END	1677750827003
USER	Root end point calls	START	1677750827096
REQUEST		root end point	1677750827095	1677750827101	OK	 
USER	Root end point calls	END	1677750827102
USER	Root end point calls	START	1677750827197
REQUEST		root end point	1677750827196	1677750827204	OK	 
USER	Root end point calls	END	1677750827205
USER	Root end point calls	START	1677750827291
REQUEST		root end point	1677750827290	1677750827295	OK	 
USER	Root end point calls	END	1677750827296
USER	Root end point calls	START	1677750827392
REQUEST		root end point	1677750827391	1677750827396	OK	 
USER	Root end point calls	END	1677750827397
USER	Root end point calls	START	1677750827492
REQUEST		root end point	1677750827491	1677750827497	OK	 
USER	Root end point calls	END	1677750827498
USER	Root end point calls	START	1677750827592
REQUEST		root end point	1677750827591	1677750827597	OK	 
USER	Root end point calls	END	1677750827598
USER	Root end point calls	START	1677750827692
REQUEST		root end point	1677750827691	1677750827697	OK	 
USER	Root end point calls	END	1677750827697
USER	Root end point calls	START	1677750827792
REQUEST		root end point	1677750827791	1677750827797	OK	 
USER	Root end point calls	END	1677750827797
USER	Root end point calls	START	1677750827892
REQUEST		root end point	1677750827892	1677750827897	OK	 
USER	Root end point calls	END	1677750827898
USER	Root end point calls	START	1677750827993
REQUEST		root end point	1677750827992	1677750827998	OK	 
USER	Root end point calls	END	1677750827998
USER	Root end point calls	START	1677750828092
REQUEST		root end point	1677750828091	1677750828097	OK	 
USER	Root end point calls	END	1677750828097
USER	Root end point calls	START	1677750828193
REQUEST		root end point	1677750828192	1677750828198	OK	 
USER	Root end point calls	END	1677750828198
USER	Root end point calls	START	1677750828292
REQUEST		root end point	1677750828291	1677750828297	OK	 
USER	Root end point calls	END	1677750828298
USER	Root end point calls	START	1677750828393
REQUEST		root end point	1677750828392	1677750828398	OK	 
USER	Root end point calls	END	1677750828398
USER	Root end point calls	START	1677750828493
REQUEST		root end point	1677750828492	1677750828498	OK	 
USER	Root end point calls	END	1677750828498
USER	Root end point calls	START	1677750828593
REQUEST		root end point	1677750828592	1677750828598	OK	 
USER	Root end point calls	END	1677750828599
USER	Root end point calls	START	1677750828693
REQUEST		root end point	1677750828692	1677750828698	OK	 
USER	Root end point calls	END	1677750828699
USER	Root end point calls	START	1677750828792
REQUEST		root end point	1677750828791	1677750828797	OK	 
USER	Root end point calls	END	1677750828798
USER	Root end point calls	START	1677750828894
REQUEST		root end point	1677750828893	1677750828899	OK	 
USER	Root end point calls	END	1677750828899
USER	Root end point calls	START	1677750828993
REQUEST		root end point	1677750828993	1677750828998	OK	 
USER	Root end point calls	END	1677750828999
USER	Root end point calls	START	1677750829093
REQUEST		root end point	1677750829093	1677750829099	OK	 
USER	Root end point calls	END	1677750829099
USER	Root end point calls	START	1677750829193
REQUEST		root end point	1677750829192	1677750829198	OK	 
USER	Root end point calls	END	1677750829236
USER	Root end point calls	START	1677750829292
REQUEST		root end point	1677750829292	1677750829297	OK	 
USER	Root end point calls	END	1677750829298
USER	Root end point calls	START	1677750829392
REQUEST		root end point	1677750829391	1677750829396	OK	 
USER	Root end point calls	END	1677750829396
USER	Root end point calls	START	1677750829492
REQUEST		root end point	1677750829491	1677750829496	OK	 
USER	Root end point calls	END	1677750829497
USER	Root end point calls	START	1677750829593
REQUEST		root end point	1677750829592	1677750829597	OK	 
USER	Root end point calls	END	1677750829598
USER	Root end point calls	START	1677750829693
REQUEST		root end point	1677750829692	1677750829697	OK	 
USER	Root end point calls	END	1677750829698
USER	Root end point calls	START	1677750829792
REQUEST		root end point	1677750829791	1677750829797	OK	 
USER	Root end point calls	END	1677750829797
USER	Root end point calls	START	1677750829893
REQUEST		root end point	1677750829893	1677750829898	OK	 
USER	Root end point calls	END	1677750829899
USER	Root end point calls	START	1677750829993
REQUEST		root end point	1677750829993	1677750829998	OK	 
USER	Root end point calls	END	1677750829999
USER	Root end point calls	START	1677750830130
REQUEST		root end point	1677750830129	1677750830135	OK	 
USER	Root end point calls	END	1677750830135
USER	Root end point calls	START	1677750830230
REQUEST		root end point	1677750830229	1677750830235	OK	 
USER	Root end point calls	END	1677750830235
USER	Root end point calls	START	1677750830292
REQUEST		root end point	1677750830291	1677750830296	OK	 
USER	Root end point calls	END	1677750830297
USER	Root end point calls	START	1677750830391
REQUEST		root end point	1677750830390	1677750830396	OK	 
USER	Root end point calls	END	1677750830396
USER	Root end point calls	START	1677750830492
REQUEST		root end point	1677750830491	1677750830496	OK	 
USER	Root end point calls	END	1677750830497
USER	Root end point calls	START	1677750830591
REQUEST		root end point	1677750830591	1677750830596	OK	 
USER	Root end point calls	END	1677750830596
USER	Root end point calls	START	1677750830693
REQUEST		root end point	1677750830692	1677750830697	OK	 
USER	Root end point calls	END	1677750830698
USER	Root end point calls	START	1677750830793
REQUEST		root end point	1677750830792	1677750830798	OK	 
USER	Root end point calls	END	1677750830798
USER	Root end point calls	START	1677750830893
REQUEST		root end point	1677750830892	1677750830897	OK	 
USER	Root end point calls	END	1677750830898
USER	Root end point calls	START	1677750830993
REQUEST		root end point	1677750830992	1677750830998	OK	 
USER	Root end point calls	END	1677750830998
USER	Root end point calls	START	1677750831093
REQUEST		root end point	1677750831093	1677750831098	OK	 
USER	Root end point calls	END	1677750831099
USER	Root end point calls	START	1677750831193
REQUEST		root end point	1677750831193	1677750831198	OK	 
USER	Root end point calls	END	1677750831199
USER	Root end point calls	START	1677750831292
REQUEST		root end point	1677750831292	1677750831297	OK	 
USER	Root end point calls	END	1677750831298
USER	Root end point calls	START	1677750831391
REQUEST		root end point	1677750831391	1677750831393	OK	 
USER	Root end point calls	END	1677750831394
USER	Root end point calls	START	1677750831492
REQUEST		root end point	1677750831491	1677750831494	OK	 
USER	Root end point calls	END	1677750831495
USER	Root end point calls	START	1677750831593
REQUEST		root end point	1677750831592	1677750831595	OK	 
USER	Root end point calls	END	1677750831595
USER	Root end point calls	START	1677750831693
REQUEST		root end point	1677750831692	1677750831695	OK	 
USER	Root end point calls	END	1677750831695
USER	Root end point calls	START	1677750831793
REQUEST		root end point	1677750831792	1677750831795	OK	 
USER	Root end point calls	END	1677750831795
USER	Root end point calls	START	1677750831893
REQUEST		root end point	1677750831893	1677750831895	OK	 
USER	Root end point calls	END	1677750831896
USER	Root end point calls	START	1677750831993
REQUEST		root end point	1677750831993	1677750831995	OK	 
USER	Root end point calls	END	1677750831996
USER	Root end point calls	START	1677750832094
REQUEST		root end point	1677750832093	1677750832096	OK	 
USER	Root end point calls	END	1677750832096
USER	Root end point calls	START	1677750832193
REQUEST		root end point	1677750832193	1677750832195	OK	 
USER	Root end point calls	END	1677750832196
USER	Root end point calls	START	1677750832291
REQUEST		root end point	1677750832291	1677750832293	OK	 
USER	Root end point calls	END	1677750832294
USER	Root end point calls	START	1677750832392
REQUEST		root end point	1677750832392	1677750832394	OK	 
USER	Root end point calls	END	1677750832395
USER	Root end point calls	START	1677750832493
REQUEST		root end point	1677750832492	1677750832495	OK	 
USER	Root end point calls	END	1677750832495
USER	Root end point calls	START	1677750832592
REQUEST		root end point	1677750832592	1677750832594	OK	 
USER	Root end point calls	END	1677750832595
USER	Root end point calls	START	1677750832694
REQUEST		root end point	1677750832693	1677750832696	OK	 
USER	Root end point calls	END	1677750832696
USER	Root end point calls	START	1677750832793
REQUEST		root end point	1677750832792	1677750832795	OK	 
USER	Root end point calls	END	1677750832795
USER	Root end point calls	START	1677750832893
REQUEST		root end point	1677750832892	1677750832895	OK	 
USER	Root end point calls	END	1677750832896
USER	Root end point calls	START	1677750832993
REQUEST		root end point	1677750832992	1677750832995	OK	 
USER	Root end point calls	END	1677750832995
USER	Root end point calls	START	1677750833093
REQUEST		root end point	1677750833092	1677750833095	OK	 
USER	Root end point calls	END	1677750833096
USER	Root end point calls	START	1677750833192
REQUEST		root end point	1677750833192	1677750833194	OK	 
USER	Root end point calls	END	1677750833195
USER	Root end point calls	START	1677750833292
REQUEST		root end point	1677750833292	1677750833294	OK	 
USER	Root end point calls	END	1677750833295
USER	Root end point calls	START	1677750833392
REQUEST		root end point	1677750833392	1677750833394	OK	 
USER	Root end point calls	END	1677750833395
USER	Root end point calls	START	1677750833492
REQUEST		root end point	1677750833491	1677750833494	OK	 
USER	Root end point calls	END	1677750833495
USER	Root end point calls	START	1677750833593
REQUEST		root end point	1677750833593	1677750833596	OK	 
USER	Root end point calls	END	1677750833596
USER	Root end point calls	START	1677750833693
REQUEST		root end point	1677750833693	1677750833695	OK	 
USER	Root end point calls	END	1677750833695
USER	Root end point calls	START	1677750833793
REQUEST		root end point	1677750833793	1677750833795	OK	 
USER	Root end point calls	END	1677750833795
USER	Root end point calls	START	1677750833893
REQUEST		root end point	1677750833893	1677750833895	OK	 
USER	Root end point calls	END	1677750833895
USER	Root end point calls	START	1677750833994
REQUEST		root end point	1677750833993	1677750833995	OK	 
USER	Root end point calls	END	1677750833996
USER	Root end point calls	START	1677750834093
REQUEST		root end point	1677750834093	1677750834095	OK	 
USER	Root end point calls	END	1677750834095
USER	Root end point calls	START	1677750834193
REQUEST		root end point	1677750834192	1677750834194	OK	 
USER	Root end point calls	END	1677750834195
USER	Root end point calls	START	1677750834291
REQUEST		root end point	1677750834291	1677750834293	OK	 
USER	Root end point calls	END	1677750834293
USER	Root end point calls	START	1677750834391
REQUEST		root end point	1677750834391	1677750834393	OK	 
USER	Root end point calls	END	1677750834393
USER	Root end point calls	START	1677750834491
REQUEST		root end point	1677750834491	1677750834493	OK	 
USER	Root end point calls	END	1677750834494
USER	Root end point calls	START	1677750834592
REQUEST		root end point	1677750834591	1677750834594	OK	 
USER	Root end point calls	END	1677750834594
USER	Root end point calls	START	1677750834692
REQUEST		root end point	1677750834691	1677750834694	OK	 
USER	Root end point calls	END	1677750834694
USER	Root end point calls	START	1677750834793
REQUEST		root end point	1677750834793	1677750834795	OK	 
USER	Root end point calls	END	1677750834795
USER	Root end point calls	START	1677750834893
REQUEST		root end point	1677750834893	1677750834895	OK	 
USER	Root end point calls	END	1677750834896
USER	Root end point calls	START	1677750834993
REQUEST		root end point	1677750834993	1677750834995	OK	 
USER	Root end point calls	END	1677750834996
USER	Root end point calls	START	1677750835093
REQUEST		root end point	1677750835093	1677750835095	OK	 
USER	Root end point calls	END	1677750835095
USER	Root end point calls	START	1677750835193
REQUEST		root end point	1677750835193	1677750835195	OK	 
USER	Root end point calls	END	1677750835196
USER	Root end point calls	START	1677750835292
REQUEST		root end point	1677750835291	1677750835294	OK	 
USER	Root end point calls	END	1677750835294
USER	Root end point calls	START	1677750835392
REQUEST		root end point	1677750835391	1677750835393	OK	 
USER	Root end point calls	END	1677750835394
USER	Root end point calls	START	1677750835492
REQUEST		root end point	1677750835491	1677750835494	OK	 
USER	Root end point calls	END	1677750835494
USER	Root end point calls	START	1677750835592
REQUEST		root end point	1677750835591	1677750835593	OK	 
USER	Root end point calls	END	1677750835594
USER	Root end point calls	START	1677750835692
REQUEST		root end point	1677750835691	1677750835694	OK	 
USER	Root end point calls	END	1677750835694
USER	Root end point calls	START	1677750835792
REQUEST		root end point	1677750835791	1677750835794	OK	 
USER	Root end point calls	END	1677750835794
USER	Root end point calls	START	1677750835892
REQUEST		root end point	1677750835892	1677750835894	OK	 
USER	Root end point calls	END	1677750835895
USER	Root end point calls	START	1677750835992
REQUEST		root end point	1677750835991	1677750835994	OK	 
USER	Root end point calls	END	1677750835994
USER	Root end point calls	START	1677750836092
REQUEST		root end point	1677750836091	1677750836094	OK	 
USER	Root end point calls	END	1677750836094
USER	Root end point calls	START	1677750836191
REQUEST		root end point	1677750836191	1677750836193	OK	 
USER	Root end point calls	END	1677750836194
USER	Root end point calls	START	1677750836291
REQUEST		root end point	1677750836290	1677750836293	OK	 
USER	Root end point calls	END	1677750836293
USER	Root end point calls	START	1677750836390
REQUEST		root end point	1677750836390	1677750836392	OK	 
USER	Root end point calls	END	1677750836393
USER	Root end point calls	START	1677750836490
REQUEST		root end point	1677750836490	1677750836492	OK	 
USER	Root end point calls	END	1677750836493
USER	Root end point calls	START	1677750836592
REQUEST		root end point	1677750836591	1677750836594	OK	 
USER	Root end point calls	END	1677750836594
USER	Root end point calls	START	1677750836692
REQUEST		root end point	1677750836691	1677750836694	OK	 
USER	Root end point calls	END	1677750836694
USER	Root end point calls	START	1677750836791
REQUEST		root end point	1677750836791	1677750836793	OK	 
USER	Root end point calls	END	1677750836794
USER	Root end point calls	START	1677750836891
REQUEST		root end point	1677750836891	1677750836893	OK	 
USER	Root end point calls	END	1677750836894
USER	Root end point calls	START	1677750836991
REQUEST		root end point	1677750836991	1677750836993	OK	 
USER	Root end point calls	END	1677750836994
USER	Root end point calls	START	1677750837091
REQUEST		root end point	1677750837091	1677750837093	OK	 
USER	Root end point calls	END	1677750837094
USER	Root end point calls	START	1677750837191
REQUEST		root end point	1677750837191	1677750837193	OK	 
USER	Root end point calls	END	1677750837193
USER	Root end point calls	START	1677750837292
REQUEST		root end point	1677750837291	1677750837293	OK	 
USER	Root end point calls	END	1677750837294
USER	Root end point calls	START	1677750837392
REQUEST		root end point	1677750837391	1677750837394	OK	 
USER	Root end point calls	END	1677750837394
USER	Root end point calls	START	1677750837492
REQUEST		root end point	1677750837491	1677750837494	OK	 
USER	Root end point calls	END	1677750837494
USER	Root end point calls	START	1677750837592
REQUEST		root end point	1677750837591	1677750837593	OK	 
USER	Root end point calls	END	1677750837594
USER	Root end point calls	START	1677750837692
REQUEST		root end point	1677750837691	1677750837694	OK	 
USER	Root end point calls	END	1677750837694
USER	Root end point calls	START	1677750837792
REQUEST		root end point	1677750837791	1677750837795	OK	 
USER	Root end point calls	END	1677750837795
USER	Root end point calls	START	1677750837892
REQUEST		root end point	1677750837892	1677750837895	OK	 
USER	Root end point calls	END	1677750837895
USER	Root end point calls	START	1677750837991
REQUEST		root end point	1677750837991	1677750837993	OK	 
USER	Root end point calls	END	1677750837993
USER	Root end point calls	START	1677750838093
REQUEST		root end point	1677750838092	1677750838094	OK	 
USER	Root end point calls	END	1677750838095
USER	Root end point calls	START	1677750838191
REQUEST		root end point	1677750838191	1677750838193	OK	 
USER	Root end point calls	END	1677750838194
USER	Root end point calls	START	1677750838291
REQUEST		root end point	1677750838291	1677750838293	OK	 
USER	Root end point calls	END	1677750838293
USER	Root end point calls	START	1677750838391
REQUEST		root end point	1677750838391	1677750838393	OK	 
USER	Root end point calls	END	1677750838393
USER	Root end point calls	START	1677750838491
REQUEST		root end point	1677750838490	1677750838493	OK	 
USER	Root end point calls	END	1677750838493
USER	Root end point calls	START	1677750838591
REQUEST		root end point	1677750838591	1677750838593	OK	 
USER	Root end point calls	END	1677750838594
USER	Root end point calls	START	1677750838691
REQUEST		root end point	1677750838690	1677750838692	OK	 
USER	Root end point calls	END	1677750838693
USER	Root end point calls	START	1677750838792
REQUEST		root end point	1677750838791	1677750838794	OK	 
USER	Root end point calls	END	1677750838794
USER	Root end point calls	START	1677750838892
REQUEST		root end point	1677750838891	1677750838894	OK	 
USER	Root end point calls	END	1677750838894
USER	Root end point calls	START	1677750838992
REQUEST		root end point	1677750838991	1677750838994	OK	 
USER	Root end point calls	END	1677750838994
USER	Root end point calls	START	1677750839092
REQUEST		root end point	1677750839092	1677750839094	OK	 
USER	Root end point calls	END	1677750839095
USER	Root end point calls	START	1677750839191
REQUEST		root end point	1677750839191	1677750839193	OK	 
USER	Root end point calls	END	1677750839193
USER	Root end point calls	START	1677750839291
REQUEST		root end point	1677750839290	1677750839292	OK	 
USER	Root end point calls	END	1677750839293
USER	Root end point calls	START	1677750839392
REQUEST		root end point	1677750839391	1677750839393	OK	 
USER	Root end point calls	END	1677750839394
USER	Root end point calls	START	1677750839492
REQUEST		root end point	1677750839491	1677750839494	OK	 
USER	Root end point calls	END	1677750839494
USER	Root end point calls	START	1677750839592
REQUEST		root end point	1677750839591	1677750839594	OK	 
USER	Root end point calls	END	1677750839594
USER	Root end point calls	START	1677750839692
REQUEST		root end point	1677750839691	1677750839694	OK	 
USER	Root end point calls	END	1677750839694
USER	Root end point calls	START	1677750839792
REQUEST		root end point	1677750839791	1677750839793	OK	 
USER	Root end point calls	END	1677750839794
USER	Root end point calls	START	1677750839891
REQUEST		root end point	1677750839890	1677750839892	OK	 
USER	Root end point calls	END	1677750839893
USER	Root end point calls	START	1677750839991
REQUEST		root end point	1677750839990	1677750839993	OK	 
USER	Root end point calls	END	1677750839993
USER	Root end point calls	START	1677750840093
REQUEST		root end point	1677750840092	1677750840095	OK	 
USER	Root end point calls	END	1677750840095
