ASSERTION	AAEDAAECAwAAAAAAAECfQA==
ASSERTION	AAEDAAEDAwAAAAAAAEB/QA==
ASSERTION	AAEDAAEFAAAAAAAAwFdAAwAAAAAAAEBvQA==
ASSERTION	AAECAAIEAAAAAAAAwFdA
RUN	gatling.test.example.simulation.ExampleSimulation	examplesimulation	1677722259223	 	3.9.0
USER	Root end point calls	START	1677722260004
REQUEST		root end point	1677722259999	1677722260013	OK	 
USER	Root end point calls	END	1677722260025
USER	Root end point calls	START	1677722260075
REQUEST		root end point	1677722260074	1677722260079	OK	 
USER	Root end point calls	END	1677722260079
USER	Root end point calls	START	1677722260175
REQUEST		root end point	1677722260174	1677722260180	OK	 
USER	Root end point calls	END	1677722260180
USER	Root end point calls	START	1677722260275
REQUEST		root end point	1677722260274	1677722260279	OK	 
USER	Root end point calls	END	1677722260280
USER	Root end point calls	START	1677722260375
REQUEST		root end point	1677722260374	1677722260378	OK	 
USER	Root end point calls	END	1677722260378
USER	Root end point calls	START	1677722260476
REQUEST		root end point	1677722260475	1677722260478	OK	 
USER	Root end point calls	END	1677722260479
USER	Root end point calls	START	1677722260576
REQUEST		root end point	1677722260575	1677722260579	OK	 
USER	Root end point calls	END	1677722260579
USER	Root end point calls	START	1677722260677
REQUEST		root end point	1677722260676	1677722260681	OK	 
USER	Root end point calls	END	1677722260681
USER	Root end point calls	START	1677722260777
REQUEST		root end point	1677722260776	1677722260781	OK	 
USER	Root end point calls	END	1677722260781
USER	Root end point calls	START	1677722260877
REQUEST		root end point	1677722260876	1677722260881	OK	 
USER	Root end point calls	END	1677722260881
USER	Root end point calls	START	1677722260977
REQUEST		root end point	1677722260976	1677722260980	OK	 
USER	Root end point calls	END	1677722260980
USER	Root end point calls	START	1677722261077
REQUEST		root end point	1677722261076	1677722261081	OK	 
USER	Root end point calls	END	1677722261082
USER	Root end point calls	START	1677722261177
REQUEST		root end point	1677722261176	1677722261181	OK	 
USER	Root end point calls	END	1677722261182
USER	Root end point calls	START	1677722261277
REQUEST		root end point	1677722261276	1677722261281	OK	 
USER	Root end point calls	END	1677722261282
USER	Root end point calls	START	1677722261377
REQUEST		root end point	1677722261376	1677722261381	OK	 
USER	Root end point calls	END	1677722261382
USER	Root end point calls	START	1677722261477
REQUEST		root end point	1677722261477	1677722261481	OK	 
USER	Root end point calls	END	1677722261482
USER	Root end point calls	START	1677722261577
REQUEST		root end point	1677722261576	1677722261580	OK	 
USER	Root end point calls	END	1677722261581
USER	Root end point calls	START	1677722261678
REQUEST		root end point	1677722261677	1677722261682	OK	 
USER	Root end point calls	END	1677722261682
USER	Root end point calls	START	1677722261778
REQUEST		root end point	1677722261777	1677722261781	OK	 
USER	Root end point calls	END	1677722261782
USER	Root end point calls	START	1677722261877
REQUEST		root end point	1677722261876	1677722261881	OK	 
USER	Root end point calls	END	1677722261882
USER	Root end point calls	START	1677722261978
REQUEST		root end point	1677722261977	1677722261982	OK	 
USER	Root end point calls	END	1677722261982
USER	Root end point calls	START	1677722262073
REQUEST		root end point	1677722262072	1677722262076	OK	 
USER	Root end point calls	END	1677722262077
USER	Root end point calls	START	1677722262173
REQUEST		root end point	1677722262172	1677722262177	OK	 
USER	Root end point calls	END	1677722262178
USER	Root end point calls	START	1677722262273
REQUEST		root end point	1677722262272	1677722262277	OK	 
USER	Root end point calls	END	1677722262278
USER	Root end point calls	START	1677722262373
REQUEST		root end point	1677722262373	1677722262377	OK	 
USER	Root end point calls	END	1677722262378
USER	Root end point calls	START	1677722262474
REQUEST		root end point	1677722262473	1677722262478	OK	 
USER	Root end point calls	END	1677722262478
USER	Root end point calls	START	1677722262574
REQUEST		root end point	1677722262573	1677722262578	OK	 
USER	Root end point calls	END	1677722262578
USER	Root end point calls	START	1677722262674
REQUEST		root end point	1677722262673	1677722262678	OK	 
USER	Root end point calls	END	1677722262678
USER	Root end point calls	START	1677722262773
REQUEST		root end point	1677722262772	1677722262777	OK	 
USER	Root end point calls	END	1677722262777
USER	Root end point calls	START	1677722262874
REQUEST		root end point	1677722262872	1677722262877	OK	 
USER	Root end point calls	END	1677722262878
USER	Root end point calls	START	1677722262974
REQUEST		root end point	1677722262973	1677722262979	OK	 
USER	Root end point calls	END	1677722262979
USER	Root end point calls	START	1677722263073
REQUEST		root end point	1677722263073	1677722263077	OK	 
USER	Root end point calls	END	1677722263078
USER	Root end point calls	START	1677722263172
REQUEST		root end point	1677722263172	1677722263176	OK	 
USER	Root end point calls	END	1677722263176
USER	Root end point calls	START	1677722263274
REQUEST		root end point	1677722263273	1677722263278	OK	 
USER	Root end point calls	END	1677722263278
USER	Root end point calls	START	1677722263373
REQUEST		root end point	1677722263372	1677722263377	OK	 
USER	Root end point calls	END	1677722263377
USER	Root end point calls	START	1677722263474
REQUEST		root end point	1677722263473	1677722263478	OK	 
USER	Root end point calls	END	1677722263479
USER	Root end point calls	START	1677722263574
REQUEST		root end point	1677722263573	1677722263578	OK	 
USER	Root end point calls	END	1677722263579
USER	Root end point calls	START	1677722263673
REQUEST		root end point	1677722263673	1677722263677	OK	 
USER	Root end point calls	END	1677722263678
USER	Root end point calls	START	1677722263773
REQUEST		root end point	1677722263773	1677722263777	OK	 
USER	Root end point calls	END	1677722263778
USER	Root end point calls	START	1677722263874
REQUEST		root end point	1677722263873	1677722263878	OK	 
USER	Root end point calls	END	1677722263878
USER	Root end point calls	START	1677722263975
REQUEST		root end point	1677722263974	1677722263979	OK	 
USER	Root end point calls	END	1677722263979
USER	Root end point calls	START	1677722264073
REQUEST		root end point	1677722264073	1677722264078	OK	 
USER	Root end point calls	END	1677722264078
USER	Root end point calls	START	1677722264173
REQUEST		root end point	1677722264172	1677722264177	OK	 
USER	Root end point calls	END	1677722264177
USER	Root end point calls	START	1677722264274
REQUEST		root end point	1677722264273	1677722264278	OK	 
USER	Root end point calls	END	1677722264278
USER	Root end point calls	START	1677722264373
REQUEST		root end point	1677722264372	1677722264376	OK	 
USER	Root end point calls	END	1677722264377
USER	Root end point calls	START	1677722264474
REQUEST		root end point	1677722264473	1677722264478	OK	 
USER	Root end point calls	END	1677722264478
USER	Root end point calls	START	1677722264573
REQUEST		root end point	1677722264573	1677722264577	OK	 
USER	Root end point calls	END	1677722264578
USER	Root end point calls	START	1677722264674
REQUEST		root end point	1677722264673	1677722264678	OK	 
USER	Root end point calls	END	1677722264678
USER	Root end point calls	START	1677722264774
REQUEST		root end point	1677722264774	1677722264779	OK	 
USER	Root end point calls	END	1677722264779
USER	Root end point calls	START	1677722264874
REQUEST		root end point	1677722264874	1677722264878	OK	 
USER	Root end point calls	END	1677722264879
USER	Root end point calls	START	1677722264974
REQUEST		root end point	1677722264973	1677722264977	OK	 
USER	Root end point calls	END	1677722264978
USER	Root end point calls	START	1677722265073
REQUEST		root end point	1677722265072	1677722265076	OK	 
USER	Root end point calls	END	1677722265077
USER	Root end point calls	START	1677722265173
REQUEST		root end point	1677722265172	1677722265177	OK	 
USER	Root end point calls	END	1677722265177
USER	Root end point calls	START	1677722265272
REQUEST		root end point	1677722265272	1677722265276	OK	 
USER	Root end point calls	END	1677722265277
USER	Root end point calls	START	1677722265406
REQUEST		root end point	1677722265405	1677722265409	OK	 
USER	Root end point calls	END	1677722265410
USER	Root end point calls	START	1677722265506
REQUEST		root end point	1677722265506	1677722265510	OK	 
USER	Root end point calls	END	1677722265510
USER	Root end point calls	START	1677722265606
REQUEST		root end point	1677722265606	1677722265610	OK	 
USER	Root end point calls	END	1677722265611
USER	Root end point calls	START	1677722265707
REQUEST		root end point	1677722265706	1677722265710	OK	 
USER	Root end point calls	END	1677722265711
USER	Root end point calls	START	1677722265806
REQUEST		root end point	1677722265805	1677722265809	OK	 
USER	Root end point calls	END	1677722265810
USER	Root end point calls	START	1677722265907
REQUEST		root end point	1677722265906	1677722265910	OK	 
USER	Root end point calls	END	1677722265911
USER	Root end point calls	START	1677722266006
REQUEST		root end point	1677722266006	1677722266009	OK	 
USER	Root end point calls	END	1677722266010
USER	Root end point calls	START	1677722266073
REQUEST		root end point	1677722266073	1677722266077	OK	 
USER	Root end point calls	END	1677722266078
USER	Root end point calls	START	1677722266174
REQUEST		root end point	1677722266173	1677722266175	OK	 
USER	Root end point calls	END	1677722266176
USER	Root end point calls	START	1677722266273
REQUEST		root end point	1677722266273	1677722266275	OK	 
USER	Root end point calls	END	1677722266275
USER	Root end point calls	START	1677722266373
REQUEST		root end point	1677722266373	1677722266374	OK	 
USER	Root end point calls	END	1677722266375
USER	Root end point calls	START	1677722266473
REQUEST		root end point	1677722266472	1677722266474	OK	 
USER	Root end point calls	END	1677722266475
USER	Root end point calls	START	1677722266573
REQUEST		root end point	1677722266573	1677722266575	OK	 
USER	Root end point calls	END	1677722266575
USER	Root end point calls	START	1677722266674
REQUEST		root end point	1677722266673	1677722266675	OK	 
USER	Root end point calls	END	1677722266676
USER	Root end point calls	START	1677722266773
REQUEST		root end point	1677722266772	1677722266774	OK	 
USER	Root end point calls	END	1677722266774
USER	Root end point calls	START	1677722266874
REQUEST		root end point	1677722266873	1677722266875	OK	 
USER	Root end point calls	END	1677722266876
USER	Root end point calls	START	1677722266974
REQUEST		root end point	1677722266974	1677722266975	OK	 
USER	Root end point calls	END	1677722266976
USER	Root end point calls	START	1677722267073
REQUEST		root end point	1677722267072	1677722267074	OK	 
USER	Root end point calls	END	1677722267074
USER	Root end point calls	START	1677722267173
REQUEST		root end point	1677722267173	1677722267174	OK	 
USER	Root end point calls	END	1677722267175
USER	Root end point calls	START	1677722267273
REQUEST		root end point	1677722267273	1677722267274	OK	 
USER	Root end point calls	END	1677722267275
USER	Root end point calls	START	1677722267373
REQUEST		root end point	1677722267373	1677722267375	OK	 
USER	Root end point calls	END	1677722267375
USER	Root end point calls	START	1677722267473
REQUEST		root end point	1677722267472	1677722267474	OK	 
USER	Root end point calls	END	1677722267474
USER	Root end point calls	START	1677722267574
REQUEST		root end point	1677722267573	1677722267575	OK	 
USER	Root end point calls	END	1677722267575
USER	Root end point calls	START	1677722267673
REQUEST		root end point	1677722267672	1677722267674	OK	 
USER	Root end point calls	END	1677722267675
USER	Root end point calls	START	1677722267774
REQUEST		root end point	1677722267773	1677722267775	OK	 
USER	Root end point calls	END	1677722267775
USER	Root end point calls	START	1677722267874
REQUEST		root end point	1677722267873	1677722267875	OK	 
USER	Root end point calls	END	1677722267875
USER	Root end point calls	START	1677722267974
REQUEST		root end point	1677722267974	1677722267975	OK	 
USER	Root end point calls	END	1677722267976
USER	Root end point calls	START	1677722268073
REQUEST		root end point	1677722268073	1677722268075	OK	 
USER	Root end point calls	END	1677722268075
USER	Root end point calls	START	1677722268173
REQUEST		root end point	1677722268172	1677722268174	OK	 
USER	Root end point calls	END	1677722268174
USER	Root end point calls	START	1677722268273
REQUEST		root end point	1677722268272	1677722268274	OK	 
USER	Root end point calls	END	1677722268274
USER	Root end point calls	START	1677722268373
REQUEST		root end point	1677722268372	1677722268374	OK	 
USER	Root end point calls	END	1677722268375
USER	Root end point calls	START	1677722268474
REQUEST		root end point	1677722268473	1677722268475	OK	 
USER	Root end point calls	END	1677722268475
USER	Root end point calls	START	1677722268574
REQUEST		root end point	1677722268573	1677722268575	OK	 
USER	Root end point calls	END	1677722268575
USER	Root end point calls	START	1677722268674
REQUEST		root end point	1677722268674	1677722268675	OK	 
USER	Root end point calls	END	1677722268675
USER	Root end point calls	START	1677722268774
REQUEST		root end point	1677722268773	1677722268775	OK	 
USER	Root end point calls	END	1677722268775
USER	Root end point calls	START	1677722268873
REQUEST		root end point	1677722268872	1677722268874	OK	 
USER	Root end point calls	END	1677722268874
USER	Root end point calls	START	1677722268973
REQUEST		root end point	1677722268973	1677722268974	OK	 
USER	Root end point calls	END	1677722268975
USER	Root end point calls	START	1677722269072
REQUEST		root end point	1677722269071	1677722269073	OK	 
USER	Root end point calls	END	1677722269073
USER	Root end point calls	START	1677722269171
REQUEST		root end point	1677722269171	1677722269173	OK	 
USER	Root end point calls	END	1677722269173
USER	Root end point calls	START	1677722269271
REQUEST		root end point	1677722269271	1677722269272	OK	 
USER	Root end point calls	END	1677722269273
USER	Root end point calls	START	1677722269373
REQUEST		root end point	1677722269372	1677722269374	OK	 
USER	Root end point calls	END	1677722269374
USER	Root end point calls	START	1677722269472
REQUEST		root end point	1677722269472	1677722269473	OK	 
USER	Root end point calls	END	1677722269474
USER	Root end point calls	START	1677722269573
REQUEST		root end point	1677722269573	1677722269574	OK	 
USER	Root end point calls	END	1677722269575
USER	Root end point calls	START	1677722269674
REQUEST		root end point	1677722269673	1677722269675	OK	 
USER	Root end point calls	END	1677722269675
USER	Root end point calls	START	1677722269773
REQUEST		root end point	1677722269772	1677722269774	OK	 
USER	Root end point calls	END	1677722269774
USER	Root end point calls	START	1677722269874
REQUEST		root end point	1677722269873	1677722269875	OK	 
USER	Root end point calls	END	1677722269875
USER	Root end point calls	START	1677722269973
REQUEST		root end point	1677722269972	1677722269974	OK	 
USER	Root end point calls	END	1677722269974
USER	Root end point calls	START	1677722270071
REQUEST		root end point	1677722270071	1677722270072	OK	 
USER	Root end point calls	END	1677722270073
USER	Root end point calls	START	1677722270172
REQUEST		root end point	1677722270172	1677722270173	OK	 
USER	Root end point calls	END	1677722270174
USER	Root end point calls	START	1677722270272
REQUEST		root end point	1677722270271	1677722270273	OK	 
USER	Root end point calls	END	1677722270273
USER	Root end point calls	START	1677722270372
REQUEST		root end point	1677722270371	1677722270373	OK	 
USER	Root end point calls	END	1677722270373
USER	Root end point calls	START	1677722270472
REQUEST		root end point	1677722270472	1677722270473	OK	 
USER	Root end point calls	END	1677722270474
USER	Root end point calls	START	1677722270572
REQUEST		root end point	1677722270571	1677722270573	OK	 
USER	Root end point calls	END	1677722270573
USER	Root end point calls	START	1677722270671
REQUEST		root end point	1677722270671	1677722270673	OK	 
USER	Root end point calls	END	1677722270673
USER	Root end point calls	START	1677722270772
REQUEST		root end point	1677722270771	1677722270773	OK	 
USER	Root end point calls	END	1677722270773
USER	Root end point calls	START	1677722270873
REQUEST		root end point	1677722270872	1677722270874	OK	 
USER	Root end point calls	END	1677722270874
USER	Root end point calls	START	1677722270973
REQUEST		root end point	1677722270972	1677722270974	OK	 
USER	Root end point calls	END	1677722270974
USER	Root end point calls	START	1677722271071
REQUEST		root end point	1677722271071	1677722271072	OK	 
USER	Root end point calls	END	1677722271073
USER	Root end point calls	START	1677722271171
REQUEST		root end point	1677722271171	1677722271172	OK	 
USER	Root end point calls	END	1677722271173
USER	Root end point calls	START	1677722271271
REQUEST		root end point	1677722271270	1677722271272	OK	 
USER	Root end point calls	END	1677722271272
USER	Root end point calls	START	1677722271372
REQUEST		root end point	1677722271371	1677722271373	OK	 
USER	Root end point calls	END	1677722271373
USER	Root end point calls	START	1677722271471
REQUEST		root end point	1677722271471	1677722271472	OK	 
USER	Root end point calls	END	1677722271473
USER	Root end point calls	START	1677722271571
REQUEST		root end point	1677722271570	1677722271572	OK	 
USER	Root end point calls	END	1677722271573
USER	Root end point calls	START	1677722271672
REQUEST		root end point	1677722271671	1677722271673	OK	 
USER	Root end point calls	END	1677722271673
USER	Root end point calls	START	1677722271772
REQUEST		root end point	1677722271771	1677722271773	OK	 
USER	Root end point calls	END	1677722271773
USER	Root end point calls	START	1677722271873
REQUEST		root end point	1677722271872	1677722271874	OK	 
USER	Root end point calls	END	1677722271874
USER	Root end point calls	START	1677722271972
REQUEST		root end point	1677722271971	1677722271973	OK	 
USER	Root end point calls	END	1677722271973
USER	Root end point calls	START	1677722272072
REQUEST		root end point	1677722272072	1677722272073	OK	 
USER	Root end point calls	END	1677722272074
USER	Root end point calls	START	1677722272172
REQUEST		root end point	1677722272172	1677722272173	OK	 
USER	Root end point calls	END	1677722272174
USER	Root end point calls	START	1677722272272
REQUEST		root end point	1677722272272	1677722272273	OK	 
USER	Root end point calls	END	1677722272274
USER	Root end point calls	START	1677722272372
REQUEST		root end point	1677722272371	1677722272373	OK	 
USER	Root end point calls	END	1677722272374
USER	Root end point calls	START	1677722272473
REQUEST		root end point	1677722272472	1677722272474	OK	 
USER	Root end point calls	END	1677722272474
USER	Root end point calls	START	1677722272573
REQUEST		root end point	1677722272572	1677722272574	OK	 
USER	Root end point calls	END	1677722272575
USER	Root end point calls	START	1677722272673
REQUEST		root end point	1677722272672	1677722272674	OK	 
USER	Root end point calls	END	1677722272675
USER	Root end point calls	START	1677722272772
REQUEST		root end point	1677722272771	1677722272773	OK	 
USER	Root end point calls	END	1677722272773
USER	Root end point calls	START	1677722272873
REQUEST		root end point	1677722272872	1677722272874	OK	 
USER	Root end point calls	END	1677722272874
USER	Root end point calls	START	1677722272973
REQUEST		root end point	1677722272972	1677722272974	OK	 
USER	Root end point calls	END	1677722272974
USER	Root end point calls	START	1677722273072
REQUEST		root end point	1677722273072	1677722273074	OK	 
USER	Root end point calls	END	1677722273074
USER	Root end point calls	START	1677722273172
REQUEST		root end point	1677722273172	1677722273173	OK	 
USER	Root end point calls	END	1677722273174
USER	Root end point calls	START	1677722273272
REQUEST		root end point	1677722273272	1677722273273	OK	 
USER	Root end point calls	END	1677722273274
USER	Root end point calls	START	1677722273372
REQUEST		root end point	1677722273371	1677722273374	OK	 
USER	Root end point calls	END	1677722273375
USER	Root end point calls	START	1677722273472
REQUEST		root end point	1677722273472	1677722273473	OK	 
USER	Root end point calls	END	1677722273474
USER	Root end point calls	START	1677722273572
REQUEST		root end point	1677722273572	1677722273574	OK	 
USER	Root end point calls	END	1677722273574
USER	Root end point calls	START	1677722273672
REQUEST		root end point	1677722273672	1677722273673	OK	 
USER	Root end point calls	END	1677722273674
USER	Root end point calls	START	1677722273772
REQUEST		root end point	1677722273771	1677722273773	OK	 
USER	Root end point calls	END	1677722273773
USER	Root end point calls	START	1677722273873
REQUEST		root end point	1677722273872	1677722273874	OK	 
USER	Root end point calls	END	1677722273874
USER	Root end point calls	START	1677722273972
REQUEST		root end point	1677722273972	1677722273974	OK	 
USER	Root end point calls	END	1677722273974
USER	Root end point calls	START	1677722274071
REQUEST		root end point	1677722274071	1677722274073	OK	 
USER	Root end point calls	END	1677722274073
USER	Root end point calls	START	1677722274172
REQUEST		root end point	1677722274171	1677722274173	OK	 
USER	Root end point calls	END	1677722274173
USER	Root end point calls	START	1677722274271
REQUEST		root end point	1677722274271	1677722274272	OK	 
USER	Root end point calls	END	1677722274273
USER	Root end point calls	START	1677722274371
REQUEST		root end point	1677722274371	1677722274373	OK	 
USER	Root end point calls	END	1677722274373
USER	Root end point calls	START	1677722274471
REQUEST		root end point	1677722274471	1677722274473	OK	 
USER	Root end point calls	END	1677722274473
USER	Root end point calls	START	1677722274572
REQUEST		root end point	1677722274572	1677722274573	OK	 
USER	Root end point calls	END	1677722274574
USER	Root end point calls	START	1677722274672
REQUEST		root end point	1677722274671	1677722274673	OK	 
USER	Root end point calls	END	1677722274674
USER	Root end point calls	START	1677722274772
REQUEST		root end point	1677722274771	1677722274773	OK	 
USER	Root end point calls	END	1677722274773
USER	Root end point calls	START	1677722274872
REQUEST		root end point	1677722274871	1677722274873	OK	 
USER	Root end point calls	END	1677722274873
