ASSERTION	AAEDAAECAwAAAAAAAECfQA==
ASSERTION	AAEDAAEDAwAAAAAAAEB/QA==
ASSERTION	AAEDAAEFAAAAAAAAwFdAAwAAAAAAAEBvQA==
ASSERTION	AAECAAIEAAAAAAAAwFdA
RUN	gatling.test.example.simulation.ExampleSimulation	examplesimulation	1677723737779	 	3.9.0
USER	Root end point calls	START	1677723738463
REQUEST		root end point	1677723738458	1677723738472	OK	 
USER	Root end point calls	END	1677723738483
USER	Root end point calls	START	1677723738534
REQUEST		root end point	1677723738533	1677723738538	OK	 
USER	Root end point calls	END	1677723738539
USER	Root end point calls	START	1677723738635
REQUEST		root end point	1677723738634	1677723738639	OK	 
USER	Root end point calls	END	1677723738640
USER	Root end point calls	START	1677723738735
REQUEST		root end point	1677723738734	1677723738739	OK	 
USER	Root end point calls	END	1677723738740
USER	Root end point calls	START	1677723738835
REQUEST		root end point	1677723738834	1677723738837	OK	 
USER	Root end point calls	END	1677723738838
USER	Root end point calls	START	1677723738935
REQUEST		root end point	1677723738934	1677723738939	OK	 
USER	Root end point calls	END	1677723738940
USER	Root end point calls	START	1677723739035
REQUEST		root end point	1677723739034	1677723739039	OK	 
USER	Root end point calls	END	1677723739040
USER	Root end point calls	START	1677723739135
REQUEST		root end point	1677723739134	1677723739139	OK	 
USER	Root end point calls	END	1677723739139
USER	Root end point calls	START	1677723739236
REQUEST		root end point	1677723739235	1677723739240	OK	 
USER	Root end point calls	END	1677723739240
USER	Root end point calls	START	1677723739335
REQUEST		root end point	1677723739334	1677723739339	OK	 
USER	Root end point calls	END	1677723739339
USER	Root end point calls	START	1677723739436
REQUEST		root end point	1677723739435	1677723739440	OK	 
USER	Root end point calls	END	1677723739441
USER	Root end point calls	START	1677723739536
REQUEST		root end point	1677723739535	1677723739540	OK	 
USER	Root end point calls	END	1677723739541
USER	Root end point calls	START	1677723739637
REQUEST		root end point	1677723739637	1677723739641	OK	 
USER	Root end point calls	END	1677723739642
USER	Root end point calls	START	1677723739736
REQUEST		root end point	1677723739735	1677723739740	OK	 
USER	Root end point calls	END	1677723739741
USER	Root end point calls	START	1677723739836
REQUEST		root end point	1677723739835	1677723739840	OK	 
USER	Root end point calls	END	1677723739841
USER	Root end point calls	START	1677723739935
REQUEST		root end point	1677723739934	1677723739939	OK	 
USER	Root end point calls	END	1677723739940
USER	Root end point calls	START	1677723740036
REQUEST		root end point	1677723740035	1677723740040	OK	 
USER	Root end point calls	END	1677723740041
USER	Root end point calls	START	1677723740136
REQUEST		root end point	1677723740135	1677723740140	OK	 
USER	Root end point calls	END	1677723740141
USER	Root end point calls	START	1677723740237
REQUEST		root end point	1677723740235	1677723740241	OK	 
USER	Root end point calls	END	1677723740241
USER	Root end point calls	START	1677723740336
REQUEST		root end point	1677723740335	1677723740340	OK	 
USER	Root end point calls	END	1677723740341
USER	Root end point calls	START	1677723740436
REQUEST		root end point	1677723740435	1677723740440	OK	 
USER	Root end point calls	END	1677723740440
USER	Root end point calls	START	1677723740532
REQUEST		root end point	1677723740531	1677723740536	OK	 
USER	Root end point calls	END	1677723740536
USER	Root end point calls	START	1677723740631
REQUEST		root end point	1677723740630	1677723740635	OK	 
USER	Root end point calls	END	1677723740635
USER	Root end point calls	START	1677723740732
REQUEST		root end point	1677723740731	1677723740735	OK	 
USER	Root end point calls	END	1677723740736
USER	Root end point calls	START	1677723740832
REQUEST		root end point	1677723740831	1677723740836	OK	 
USER	Root end point calls	END	1677723740836
USER	Root end point calls	START	1677723740932
REQUEST		root end point	1677723740931	1677723740936	OK	 
USER	Root end point calls	END	1677723740936
USER	Root end point calls	START	1677723741032
REQUEST		root end point	1677723741031	1677723741036	OK	 
USER	Root end point calls	END	1677723741037
USER	Root end point calls	START	1677723741132
REQUEST		root end point	1677723741131	1677723741136	OK	 
USER	Root end point calls	END	1677723741137
USER	Root end point calls	START	1677723741232
REQUEST		root end point	1677723741231	1677723741236	OK	 
USER	Root end point calls	END	1677723741237
USER	Root end point calls	START	1677723741332
REQUEST		root end point	1677723741332	1677723741336	OK	 
USER	Root end point calls	END	1677723741337
USER	Root end point calls	START	1677723741431
REQUEST		root end point	1677723741431	1677723741435	OK	 
USER	Root end point calls	END	1677723741436
USER	Root end point calls	START	1677723741530
REQUEST		root end point	1677723741530	1677723741534	OK	 
USER	Root end point calls	END	1677723741535
USER	Root end point calls	START	1677723741632
REQUEST		root end point	1677723741631	1677723741636	OK	 
USER	Root end point calls	END	1677723741636
USER	Root end point calls	START	1677723741732
REQUEST		root end point	1677723741731	1677723741736	OK	 
USER	Root end point calls	END	1677723741736
USER	Root end point calls	START	1677723741831
REQUEST		root end point	1677723741831	1677723741835	OK	 
USER	Root end point calls	END	1677723741836
USER	Root end point calls	START	1677723741932
REQUEST		root end point	1677723741931	1677723741936	OK	 
USER	Root end point calls	END	1677723741937
USER	Root end point calls	START	1677723742032
REQUEST		root end point	1677723742032	1677723742035	OK	 
USER	Root end point calls	END	1677723742035
USER	Root end point calls	START	1677723742132
REQUEST		root end point	1677723742131	1677723742136	OK	 
USER	Root end point calls	END	1677723742136
USER	Root end point calls	START	1677723742232
REQUEST		root end point	1677723742231	1677723742236	OK	 
USER	Root end point calls	END	1677723742237
USER	Root end point calls	START	1677723742332
REQUEST		root end point	1677723742332	1677723742336	OK	 
USER	Root end point calls	END	1677723742337
USER	Root end point calls	START	1677723742432
REQUEST		root end point	1677723742431	1677723742435	OK	 
USER	Root end point calls	END	1677723742436
USER	Root end point calls	START	1677723742532
REQUEST		root end point	1677723742531	1677723742536	OK	 
USER	Root end point calls	END	1677723742537
USER	Root end point calls	START	1677723742632
REQUEST		root end point	1677723742631	1677723742636	OK	 
USER	Root end point calls	END	1677723742637
USER	Root end point calls	START	1677723742732
REQUEST		root end point	1677723742731	1677723742736	OK	 
USER	Root end point calls	END	1677723742737
USER	Root end point calls	START	1677723742832
REQUEST		root end point	1677723742832	1677723742836	OK	 
USER	Root end point calls	END	1677723742837
USER	Root end point calls	START	1677723742932
REQUEST		root end point	1677723742931	1677723742936	OK	 
USER	Root end point calls	END	1677723742936
USER	Root end point calls	START	1677723743033
REQUEST		root end point	1677723743032	1677723743037	OK	 
USER	Root end point calls	END	1677723743037
USER	Root end point calls	START	1677723743133
REQUEST		root end point	1677723743132	1677723743136	OK	 
USER	Root end point calls	END	1677723743137
USER	Root end point calls	START	1677723743233
REQUEST		root end point	1677723743232	1677723743236	OK	 
USER	Root end point calls	END	1677723743237
USER	Root end point calls	START	1677723743333
REQUEST		root end point	1677723743332	1677723743337	OK	 
USER	Root end point calls	END	1677723743337
USER	Root end point calls	START	1677723743432
REQUEST		root end point	1677723743432	1677723743436	OK	 
USER	Root end point calls	END	1677723743436
USER	Root end point calls	START	1677723743532
REQUEST		root end point	1677723743532	1677723743536	OK	 
USER	Root end point calls	END	1677723743537
USER	Root end point calls	START	1677723743632
REQUEST		root end point	1677723743632	1677723743636	OK	 
USER	Root end point calls	END	1677723743636
USER	Root end point calls	START	1677723743733
REQUEST		root end point	1677723743732	1677723743735	OK	 
USER	Root end point calls	END	1677723743735
USER	Root end point calls	START	1677723743864
REQUEST		root end point	1677723743863	1677723743868	OK	 
USER	Root end point calls	END	1677723743868
USER	Root end point calls	START	1677723743965
REQUEST		root end point	1677723743965	1677723743969	OK	 
USER	Root end point calls	END	1677723743969
USER	Root end point calls	START	1677723744064
REQUEST		root end point	1677723744064	1677723744068	OK	 
USER	Root end point calls	END	1677723744069
USER	Root end point calls	START	1677723744165
REQUEST		root end point	1677723744164	1677723744169	OK	 
USER	Root end point calls	END	1677723744169
USER	Root end point calls	START	1677723744265
REQUEST		root end point	1677723744264	1677723744269	OK	 
USER	Root end point calls	END	1677723744269
USER	Root end point calls	START	1677723744365
REQUEST		root end point	1677723744365	1677723744369	OK	 
USER	Root end point calls	END	1677723744370
USER	Root end point calls	START	1677723744466
REQUEST		root end point	1677723744465	1677723744470	OK	 
USER	Root end point calls	END	1677723744470
USER	Root end point calls	START	1677723744532
REQUEST		root end point	1677723744531	1677723744536	OK	 
USER	Root end point calls	END	1677723744536
USER	Root end point calls	START	1677723744632
REQUEST		root end point	1677723744631	1677723744633	OK	 
USER	Root end point calls	END	1677723744634
USER	Root end point calls	START	1677723744732
REQUEST		root end point	1677723744732	1677723744733	OK	 
USER	Root end point calls	END	1677723744734
USER	Root end point calls	START	1677723744832
REQUEST		root end point	1677723744832	1677723744833	OK	 
USER	Root end point calls	END	1677723744834
USER	Root end point calls	START	1677723744932
REQUEST		root end point	1677723744932	1677723744934	OK	 
USER	Root end point calls	END	1677723744934
USER	Root end point calls	START	1677723745032
REQUEST		root end point	1677723745031	1677723745033	OK	 
USER	Root end point calls	END	1677723745034
USER	Root end point calls	START	1677723745132
REQUEST		root end point	1677723745132	1677723745134	OK	 
USER	Root end point calls	END	1677723745134
USER	Root end point calls	START	1677723745232
REQUEST		root end point	1677723745232	1677723745233	OK	 
USER	Root end point calls	END	1677723745234
USER	Root end point calls	START	1677723745332
REQUEST		root end point	1677723745332	1677723745333	OK	 
USER	Root end point calls	END	1677723745334
USER	Root end point calls	START	1677723745431
REQUEST		root end point	1677723745431	1677723745433	OK	 
USER	Root end point calls	END	1677723745433
USER	Root end point calls	START	1677723745531
REQUEST		root end point	1677723745531	1677723745532	OK	 
USER	Root end point calls	END	1677723745533
USER	Root end point calls	START	1677723745632
REQUEST		root end point	1677723745632	1677723745633	OK	 
USER	Root end point calls	END	1677723745634
USER	Root end point calls	START	1677723745732
REQUEST		root end point	1677723745732	1677723745733	OK	 
USER	Root end point calls	END	1677723745734
USER	Root end point calls	START	1677723745832
REQUEST		root end point	1677723745831	1677723745833	OK	 
USER	Root end point calls	END	1677723745833
USER	Root end point calls	START	1677723745933
REQUEST		root end point	1677723745932	1677723745934	OK	 
USER	Root end point calls	END	1677723745935
USER	Root end point calls	START	1677723746032
REQUEST		root end point	1677723746032	1677723746034	OK	 
USER	Root end point calls	END	1677723746034
USER	Root end point calls	START	1677723746132
REQUEST		root end point	1677723746132	1677723746133	OK	 
USER	Root end point calls	END	1677723746134
USER	Root end point calls	START	1677723746232
REQUEST		root end point	1677723746232	1677723746234	OK	 
USER	Root end point calls	END	1677723746234
USER	Root end point calls	START	1677723746332
REQUEST		root end point	1677723746332	1677723746334	OK	 
USER	Root end point calls	END	1677723746334
USER	Root end point calls	START	1677723746433
REQUEST		root end point	1677723746433	1677723746435	OK	 
USER	Root end point calls	END	1677723746435
USER	Root end point calls	START	1677723746531
REQUEST		root end point	1677723746531	1677723746533	OK	 
USER	Root end point calls	END	1677723746533
USER	Root end point calls	START	1677723746630
REQUEST		root end point	1677723746630	1677723746632	OK	 
USER	Root end point calls	END	1677723746632
USER	Root end point calls	START	1677723746732
REQUEST		root end point	1677723746731	1677723746733	OK	 
USER	Root end point calls	END	1677723746733
USER	Root end point calls	START	1677723746832
REQUEST		root end point	1677723746832	1677723746834	OK	 
USER	Root end point calls	END	1677723746834
USER	Root end point calls	START	1677723746932
REQUEST		root end point	1677723746931	1677723746933	OK	 
USER	Root end point calls	END	1677723746933
USER	Root end point calls	START	1677723747032
REQUEST		root end point	1677723747032	1677723747034	OK	 
USER	Root end point calls	END	1677723747034
USER	Root end point calls	START	1677723747132
REQUEST		root end point	1677723747132	1677723747133	OK	 
USER	Root end point calls	END	1677723747134
USER	Root end point calls	START	1677723747233
REQUEST		root end point	1677723747232	1677723747234	OK	 
USER	Root end point calls	END	1677723747234
USER	Root end point calls	START	1677723747333
REQUEST		root end point	1677723747332	1677723747334	OK	 
USER	Root end point calls	END	1677723747334
USER	Root end point calls	START	1677723747432
REQUEST		root end point	1677723747432	1677723747433	OK	 
USER	Root end point calls	END	1677723747434
USER	Root end point calls	START	1677723747530
REQUEST		root end point	1677723747530	1677723747531	OK	 
USER	Root end point calls	END	1677723747532
USER	Root end point calls	START	1677723747631
REQUEST		root end point	1677723747631	1677723747632	OK	 
USER	Root end point calls	END	1677723747633
USER	Root end point calls	START	1677723747731
REQUEST		root end point	1677723747730	1677723747732	OK	 
USER	Root end point calls	END	1677723747732
USER	Root end point calls	START	1677723747831
REQUEST		root end point	1677723747831	1677723747832	OK	 
USER	Root end point calls	END	1677723747833
USER	Root end point calls	START	1677723747931
REQUEST		root end point	1677723747931	1677723747932	OK	 
USER	Root end point calls	END	1677723747933
USER	Root end point calls	START	1677723748033
REQUEST		root end point	1677723748033	1677723748034	OK	 
USER	Root end point calls	END	1677723748035
USER	Root end point calls	START	1677723748132
REQUEST		root end point	1677723748131	1677723748133	OK	 
USER	Root end point calls	END	1677723748133
USER	Root end point calls	START	1677723748233
REQUEST		root end point	1677723748233	1677723748234	OK	 
USER	Root end point calls	END	1677723748235
USER	Root end point calls	START	1677723748333
REQUEST		root end point	1677723748332	1677723748335	OK	 
USER	Root end point calls	END	1677723748335
USER	Root end point calls	START	1677723748433
REQUEST		root end point	1677723748433	1677723748434	OK	 
USER	Root end point calls	END	1677723748435
USER	Root end point calls	START	1677723748532
REQUEST		root end point	1677723748531	1677723748533	OK	 
USER	Root end point calls	END	1677723748533
USER	Root end point calls	START	1677723748631
REQUEST		root end point	1677723748630	1677723748632	OK	 
USER	Root end point calls	END	1677723748632
USER	Root end point calls	START	1677723748731
REQUEST		root end point	1677723748731	1677723748732	OK	 
USER	Root end point calls	END	1677723748733
USER	Root end point calls	START	1677723748831
REQUEST		root end point	1677723748830	1677723748832	OK	 
USER	Root end point calls	END	1677723748832
USER	Root end point calls	START	1677723748932
REQUEST		root end point	1677723748932	1677723748933	OK	 
USER	Root end point calls	END	1677723748934
USER	Root end point calls	START	1677723749032
REQUEST		root end point	1677723749032	1677723749034	OK	 
USER	Root end point calls	END	1677723749034
USER	Root end point calls	START	1677723749131
REQUEST		root end point	1677723749130	1677723749132	OK	 
USER	Root end point calls	END	1677723749132
USER	Root end point calls	START	1677723749231
REQUEST		root end point	1677723749231	1677723749232	OK	 
USER	Root end point calls	END	1677723749233
USER	Root end point calls	START	1677723749332
REQUEST		root end point	1677723749331	1677723749333	OK	 
USER	Root end point calls	END	1677723749333
USER	Root end point calls	START	1677723749432
REQUEST		root end point	1677723749432	1677723749434	OK	 
USER	Root end point calls	END	1677723749434
USER	Root end point calls	START	1677723749531
REQUEST		root end point	1677723749530	1677723749532	OK	 
USER	Root end point calls	END	1677723749532
USER	Root end point calls	START	1677723749630
REQUEST		root end point	1677723749630	1677723749632	OK	 
USER	Root end point calls	END	1677723749632
USER	Root end point calls	START	1677723749731
REQUEST		root end point	1677723749730	1677723749732	OK	 
USER	Root end point calls	END	1677723749732
USER	Root end point calls	START	1677723749831
REQUEST		root end point	1677723749830	1677723749832	OK	 
USER	Root end point calls	END	1677723749833
USER	Root end point calls	START	1677723749931
REQUEST		root end point	1677723749931	1677723749933	OK	 
USER	Root end point calls	END	1677723749933
USER	Root end point calls	START	1677723750031
REQUEST		root end point	1677723750031	1677723750033	OK	 
USER	Root end point calls	END	1677723750033
USER	Root end point calls	START	1677723750132
REQUEST		root end point	1677723750132	1677723750134	OK	 
USER	Root end point calls	END	1677723750134
USER	Root end point calls	START	1677723750232
REQUEST		root end point	1677723750231	1677723750233	OK	 
USER	Root end point calls	END	1677723750233
USER	Root end point calls	START	1677723750332
REQUEST		root end point	1677723750332	1677723750333	OK	 
USER	Root end point calls	END	1677723750334
USER	Root end point calls	START	1677723750432
REQUEST		root end point	1677723750432	1677723750433	OK	 
USER	Root end point calls	END	1677723750434
USER	Root end point calls	START	1677723750531
REQUEST		root end point	1677723750530	1677723750532	OK	 
USER	Root end point calls	END	1677723750532
USER	Root end point calls	START	1677723750631
REQUEST		root end point	1677723750630	1677723750632	OK	 
USER	Root end point calls	END	1677723750632
USER	Root end point calls	START	1677723750731
REQUEST		root end point	1677723750730	1677723750732	OK	 
USER	Root end point calls	END	1677723750732
USER	Root end point calls	START	1677723750832
REQUEST		root end point	1677723750832	1677723750834	OK	 
USER	Root end point calls	END	1677723750834
USER	Root end point calls	START	1677723750932
REQUEST		root end point	1677723750932	1677723750934	OK	 
USER	Root end point calls	END	1677723750934
USER	Root end point calls	START	1677723751032
REQUEST		root end point	1677723751032	1677723751034	OK	 
USER	Root end point calls	END	1677723751035
USER	Root end point calls	START	1677723751132
REQUEST		root end point	1677723751131	1677723751133	OK	 
USER	Root end point calls	END	1677723751134
USER	Root end point calls	START	1677723751232
REQUEST		root end point	1677723751232	1677723751233	OK	 
USER	Root end point calls	END	1677723751234
USER	Root end point calls	START	1677723751332
REQUEST		root end point	1677723751331	1677723751333	OK	 
USER	Root end point calls	END	1677723751333
USER	Root end point calls	START	1677723751432
REQUEST		root end point	1677723751432	1677723751433	OK	 
USER	Root end point calls	END	1677723751434
USER	Root end point calls	START	1677723751530
REQUEST		root end point	1677723751529	1677723751531	OK	 
USER	Root end point calls	END	1677723751531
USER	Root end point calls	START	1677723751631
REQUEST		root end point	1677723751630	1677723751632	OK	 
USER	Root end point calls	END	1677723751632
USER	Root end point calls	START	1677723751731
REQUEST		root end point	1677723751731	1677723751732	OK	 
USER	Root end point calls	END	1677723751732
USER	Root end point calls	START	1677723751831
REQUEST		root end point	1677723751830	1677723751832	OK	 
USER	Root end point calls	END	1677723751832
USER	Root end point calls	START	1677723751931
REQUEST		root end point	1677723751931	1677723751932	OK	 
USER	Root end point calls	END	1677723751932
USER	Root end point calls	START	1677723752031
REQUEST		root end point	1677723752031	1677723752032	OK	 
USER	Root end point calls	END	1677723752033
USER	Root end point calls	START	1677723752130
REQUEST		root end point	1677723752129	1677723752131	OK	 
USER	Root end point calls	END	1677723752131
USER	Root end point calls	START	1677723752230
REQUEST		root end point	1677723752230	1677723752231	OK	 
USER	Root end point calls	END	1677723752231
USER	Root end point calls	START	1677723752330
REQUEST		root end point	1677723752330	1677723752331	OK	 
USER	Root end point calls	END	1677723752331
USER	Root end point calls	START	1677723752430
REQUEST		root end point	1677723752430	1677723752431	OK	 
USER	Root end point calls	END	1677723752432
USER	Root end point calls	START	1677723752530
REQUEST		root end point	1677723752530	1677723752532	OK	 
USER	Root end point calls	END	1677723752532
USER	Root end point calls	START	1677723752630
REQUEST		root end point	1677723752630	1677723752631	OK	 
USER	Root end point calls	END	1677723752632
USER	Root end point calls	START	1677723752730
REQUEST		root end point	1677723752730	1677723752731	OK	 
USER	Root end point calls	END	1677723752731
USER	Root end point calls	START	1677723752831
REQUEST		root end point	1677723752831	1677723752832	OK	 
USER	Root end point calls	END	1677723752832
USER	Root end point calls	START	1677723752931
REQUEST		root end point	1677723752931	1677723752932	OK	 
USER	Root end point calls	END	1677723752932
USER	Root end point calls	START	1677723753031
REQUEST		root end point	1677723753031	1677723753032	OK	 
USER	Root end point calls	END	1677723753033
USER	Root end point calls	START	1677723753131
REQUEST		root end point	1677723753131	1677723753132	OK	 
USER	Root end point calls	END	1677723753132
USER	Root end point calls	START	1677723753231
REQUEST		root end point	1677723753230	1677723753232	OK	 
USER	Root end point calls	END	1677723753232
USER	Root end point calls	START	1677723753332
REQUEST		root end point	1677723753331	1677723753333	OK	 
USER	Root end point calls	END	1677723753333
