ASSERTION	AAEDAAECAwAAAAAAAECfQA==
ASSERTION	AAEDAAEDAwAAAAAAAEB/QA==
ASSERTION	AAEDAAEFAAAAAAAAwFdAAwAAAAAAAEBvQA==
ASSERTION	AAECAAIEAAAAAAAAwFdA
RUN	gatling.test.example.simulation.ExampleSimulation	examplesimulation	1677723990651	 	3.9.0
USER	Root end point calls	START	1677723991212
REQUEST		root end point	1677723991206	1677723991219	OK	 
USER	Root end point calls	END	1677723991231
USER	Root end point calls	START	1677723991281
REQUEST		root end point	1677723991280	1677723991286	OK	 
USER	Root end point calls	END	1677723991286
USER	Root end point calls	START	1677723991380
REQUEST		root end point	1677723991379	1677723991385	OK	 
USER	Root end point calls	END	1677723991385
USER	Root end point calls	START	1677723991483
REQUEST		root end point	1677723991482	1677723991487	OK	 
USER	Root end point calls	END	1677723991488
USER	Root end point calls	START	1677723991582
REQUEST		root end point	1677723991580	1677723991586	OK	 
USER	Root end point calls	END	1677723991587
USER	Root end point calls	START	1677723991681
REQUEST		root end point	1677723991680	1677723991686	OK	 
USER	Root end point calls	END	1677723991686
USER	Root end point calls	START	1677723991782
REQUEST		root end point	1677723991781	1677723991787	OK	 
USER	Root end point calls	END	1677723991788
USER	Root end point calls	START	1677723991883
REQUEST		root end point	1677723991882	1677723991887	OK	 
USER	Root end point calls	END	1677723991888
USER	Root end point calls	START	1677723991983
REQUEST		root end point	1677723991982	1677723991985	OK	 
USER	Root end point calls	END	1677723991986
USER	Root end point calls	START	1677723992083
REQUEST		root end point	1677723992082	1677723992087	OK	 
USER	Root end point calls	END	1677723992088
USER	Root end point calls	START	1677723992183
REQUEST		root end point	1677723992182	1677723992187	OK	 
USER	Root end point calls	END	1677723992188
USER	Root end point calls	START	1677723992283
REQUEST		root end point	1677723992282	1677723992287	OK	 
USER	Root end point calls	END	1677723992288
USER	Root end point calls	START	1677723992383
REQUEST		root end point	1677723992382	1677723992388	OK	 
USER	Root end point calls	END	1677723992388
USER	Root end point calls	START	1677723992483
REQUEST		root end point	1677723992482	1677723992488	OK	 
USER	Root end point calls	END	1677723992488
USER	Root end point calls	START	1677723992582
REQUEST		root end point	1677723992581	1677723992587	OK	 
USER	Root end point calls	END	1677723992587
USER	Root end point calls	START	1677723992683
REQUEST		root end point	1677723992682	1677723992687	OK	 
USER	Root end point calls	END	1677723992687
USER	Root end point calls	START	1677723992783
REQUEST		root end point	1677723992782	1677723992787	OK	 
USER	Root end point calls	END	1677723992788
USER	Root end point calls	START	1677723992884
REQUEST		root end point	1677723992883	1677723992888	OK	 
USER	Root end point calls	END	1677723992889
USER	Root end point calls	START	1677723992984
REQUEST		root end point	1677723992983	1677723992989	OK	 
USER	Root end point calls	END	1677723992989
USER	Root end point calls	START	1677723993084
REQUEST		root end point	1677723993083	1677723993089	OK	 
USER	Root end point calls	END	1677723993089
USER	Root end point calls	START	1677723993184
REQUEST		root end point	1677723993183	1677723993188	OK	 
USER	Root end point calls	END	1677723993189
USER	Root end point calls	START	1677723993279
REQUEST		root end point	1677723993278	1677723993284	OK	 
USER	Root end point calls	END	1677723993284
USER	Root end point calls	START	1677723993379
REQUEST		root end point	1677723993378	1677723993383	OK	 
USER	Root end point calls	END	1677723993384
USER	Root end point calls	START	1677723993479
REQUEST		root end point	1677723993479	1677723993484	OK	 
USER	Root end point calls	END	1677723993484
USER	Root end point calls	START	1677723993579
REQUEST		root end point	1677723993579	1677723993584	OK	 
USER	Root end point calls	END	1677723993585
USER	Root end point calls	START	1677723993679
REQUEST		root end point	1677723993678	1677723993683	OK	 
USER	Root end point calls	END	1677723993683
USER	Root end point calls	START	1677723993780
REQUEST		root end point	1677723993779	1677723993784	OK	 
USER	Root end point calls	END	1677723993785
USER	Root end point calls	START	1677723993880
REQUEST		root end point	1677723993879	1677723993884	OK	 
USER	Root end point calls	END	1677723993885
USER	Root end point calls	START	1677723993980
REQUEST		root end point	1677723993979	1677723993985	OK	 
USER	Root end point calls	END	1677723993985
USER	Root end point calls	START	1677723994080
REQUEST		root end point	1677723994079	1677723994085	OK	 
USER	Root end point calls	END	1677723994085
USER	Root end point calls	START	1677723994180
REQUEST		root end point	1677723994180	1677723994185	OK	 
USER	Root end point calls	END	1677723994185
USER	Root end point calls	START	1677723994278
REQUEST		root end point	1677723994278	1677723994283	OK	 
USER	Root end point calls	END	1677723994283
USER	Root end point calls	START	1677723994379
REQUEST		root end point	1677723994378	1677723994384	OK	 
USER	Root end point calls	END	1677723994384
USER	Root end point calls	START	1677723994479
REQUEST		root end point	1677723994479	1677723994484	OK	 
USER	Root end point calls	END	1677723994484
USER	Root end point calls	START	1677723994578
REQUEST		root end point	1677723994578	1677723994583	OK	 
USER	Root end point calls	END	1677723994584
USER	Root end point calls	START	1677723994680
REQUEST		root end point	1677723994679	1677723994684	OK	 
USER	Root end point calls	END	1677723994685
USER	Root end point calls	START	1677723994779
REQUEST		root end point	1677723994779	1677723994784	OK	 
USER	Root end point calls	END	1677723994784
USER	Root end point calls	START	1677723994880
REQUEST		root end point	1677723994879	1677723994884	OK	 
USER	Root end point calls	END	1677723994884
USER	Root end point calls	START	1677723994979
REQUEST		root end point	1677723994978	1677723994984	OK	 
USER	Root end point calls	END	1677723994984
USER	Root end point calls	START	1677723995080
REQUEST		root end point	1677723995079	1677723995084	OK	 
USER	Root end point calls	END	1677723995084
USER	Root end point calls	START	1677723995179
REQUEST		root end point	1677723995179	1677723995184	OK	 
USER	Root end point calls	END	1677723995184
USER	Root end point calls	START	1677723995279
REQUEST		root end point	1677723995278	1677723995284	OK	 
USER	Root end point calls	END	1677723995284
USER	Root end point calls	START	1677723995379
REQUEST		root end point	1677723995379	1677723995384	OK	 
USER	Root end point calls	END	1677723995384
USER	Root end point calls	START	1677723995479
REQUEST		root end point	1677723995479	1677723995484	OK	 
USER	Root end point calls	END	1677723995484
USER	Root end point calls	START	1677723995579
REQUEST		root end point	1677723995579	1677723995584	OK	 
USER	Root end point calls	END	1677723995584
USER	Root end point calls	START	1677723995680
REQUEST		root end point	1677723995679	1677723995683	OK	 
USER	Root end point calls	END	1677723995684
USER	Root end point calls	START	1677723995780
REQUEST		root end point	1677723995779	1677723995784	OK	 
USER	Root end point calls	END	1677723995784
USER	Root end point calls	START	1677723995879
REQUEST		root end point	1677723995879	1677723995884	OK	 
USER	Root end point calls	END	1677723995884
USER	Root end point calls	START	1677723995979
REQUEST		root end point	1677723995978	1677723995983	OK	 
USER	Root end point calls	END	1677723995983
USER	Root end point calls	START	1677723996080
REQUEST		root end point	1677723996079	1677723996085	OK	 
USER	Root end point calls	END	1677723996085
USER	Root end point calls	START	1677723996179
REQUEST		root end point	1677723996178	1677723996183	OK	 
USER	Root end point calls	END	1677723996183
USER	Root end point calls	START	1677723996279
REQUEST		root end point	1677723996278	1677723996283	OK	 
USER	Root end point calls	END	1677723996284
USER	Root end point calls	START	1677723996379
REQUEST		root end point	1677723996378	1677723996383	OK	 
USER	Root end point calls	END	1677723996383
USER	Root end point calls	START	1677723996478
REQUEST		root end point	1677723996478	1677723996483	OK	 
USER	Root end point calls	END	1677723996483
USER	Root end point calls	START	1677723996579
REQUEST		root end point	1677723996578	1677723996583	OK	 
USER	Root end point calls	END	1677723996583
USER	Root end point calls	START	1677723996679
REQUEST		root end point	1677723996678	1677723996683	OK	 
USER	Root end point calls	END	1677723996683
USER	Root end point calls	START	1677723996779
REQUEST		root end point	1677723996779	1677723996783	OK	 
USER	Root end point calls	END	1677723996784
USER	Root end point calls	START	1677723996879
REQUEST		root end point	1677723996879	1677723996884	OK	 
USER	Root end point calls	END	1677723996884
USER	Root end point calls	START	1677723996979
REQUEST		root end point	1677723996978	1677723996983	OK	 
USER	Root end point calls	END	1677723996984
USER	Root end point calls	START	1677723997110
REQUEST		root end point	1677723997109	1677723997114	OK	 
USER	Root end point calls	END	1677723997115
USER	Root end point calls	START	1677723997210
REQUEST		root end point	1677723997210	1677723997215	OK	 
USER	Root end point calls	END	1677723997215
USER	Root end point calls	START	1677723997278
REQUEST		root end point	1677723997277	1677723997282	OK	 
USER	Root end point calls	END	1677723997282
USER	Root end point calls	START	1677723997378
REQUEST		root end point	1677723997377	1677723997380	OK	 
USER	Root end point calls	END	1677723997380
USER	Root end point calls	START	1677723997479
REQUEST		root end point	1677723997478	1677723997481	OK	 
USER	Root end point calls	END	1677723997481
USER	Root end point calls	START	1677723997578
REQUEST		root end point	1677723997578	1677723997580	OK	 
USER	Root end point calls	END	1677723997580
USER	Root end point calls	START	1677723997678
REQUEST		root end point	1677723997678	1677723997680	OK	 
USER	Root end point calls	END	1677723997680
USER	Root end point calls	START	1677723997779
REQUEST		root end point	1677723997778	1677723997781	OK	 
USER	Root end point calls	END	1677723997781
USER	Root end point calls	START	1677723997878
REQUEST		root end point	1677723997878	1677723997880	OK	 
USER	Root end point calls	END	1677723997880
USER	Root end point calls	START	1677723997978
REQUEST		root end point	1677723997978	1677723997980	OK	 
USER	Root end point calls	END	1677723997980
USER	Root end point calls	START	1677723998079
REQUEST		root end point	1677723998078	1677723998081	OK	 
USER	Root end point calls	END	1677723998081
USER	Root end point calls	START	1677723998179
REQUEST		root end point	1677723998179	1677723998181	OK	 
USER	Root end point calls	END	1677723998182
USER	Root end point calls	START	1677723998279
REQUEST		root end point	1677723998279	1677723998281	OK	 
USER	Root end point calls	END	1677723998282
USER	Root end point calls	START	1677723998379
REQUEST		root end point	1677723998378	1677723998380	OK	 
USER	Root end point calls	END	1677723998381
USER	Root end point calls	START	1677723998479
REQUEST		root end point	1677723998478	1677723998480	OK	 
USER	Root end point calls	END	1677723998481
USER	Root end point calls	START	1677723998580
REQUEST		root end point	1677723998579	1677723998581	OK	 
USER	Root end point calls	END	1677723998582
USER	Root end point calls	START	1677723998680
REQUEST		root end point	1677723998679	1677723998681	OK	 
USER	Root end point calls	END	1677723998682
USER	Root end point calls	START	1677723998780
REQUEST		root end point	1677723998780	1677723998782	OK	 
USER	Root end point calls	END	1677723998782
USER	Root end point calls	START	1677723998880
REQUEST		root end point	1677723998880	1677723998882	OK	 
USER	Root end point calls	END	1677723998883
USER	Root end point calls	START	1677723998979
REQUEST		root end point	1677723998979	1677723998981	OK	 
USER	Root end point calls	END	1677723998982
USER	Root end point calls	START	1677723999081
REQUEST		root end point	1677723999080	1677723999083	OK	 
USER	Root end point calls	END	1677723999083
USER	Root end point calls	START	1677723999180
REQUEST		root end point	1677723999180	1677723999182	OK	 
USER	Root end point calls	END	1677723999182
USER	Root end point calls	START	1677723999278
REQUEST		root end point	1677723999278	1677723999280	OK	 
USER	Root end point calls	END	1677723999281
USER	Root end point calls	START	1677723999379
REQUEST		root end point	1677723999378	1677723999381	OK	 
USER	Root end point calls	END	1677723999381
USER	Root end point calls	START	1677723999478
REQUEST		root end point	1677723999478	1677723999480	OK	 
USER	Root end point calls	END	1677723999481
USER	Root end point calls	START	1677723999579
REQUEST		root end point	1677723999579	1677723999581	OK	 
USER	Root end point calls	END	1677723999581
USER	Root end point calls	START	1677723999679
REQUEST		root end point	1677723999679	1677723999681	OK	 
USER	Root end point calls	END	1677723999682
USER	Root end point calls	START	1677723999779
REQUEST		root end point	1677723999778	1677723999781	OK	 
USER	Root end point calls	END	1677723999781
USER	Root end point calls	START	1677723999879
REQUEST		root end point	1677723999879	1677723999881	OK	 
USER	Root end point calls	END	1677723999881
USER	Root end point calls	START	1677723999979
REQUEST		root end point	1677723999979	1677723999981	OK	 
USER	Root end point calls	END	1677723999981
USER	Root end point calls	START	1677724000079
REQUEST		root end point	1677724000078	1677724000081	OK	 
USER	Root end point calls	END	1677724000081
USER	Root end point calls	START	1677724000180
REQUEST		root end point	1677724000179	1677724000181	OK	 
USER	Root end point calls	END	1677724000182
USER	Root end point calls	START	1677724000278
REQUEST		root end point	1677724000278	1677724000280	OK	 
USER	Root end point calls	END	1677724000281
USER	Root end point calls	START	1677724000378
REQUEST		root end point	1677724000378	1677724000380	OK	 
USER	Root end point calls	END	1677724000380
USER	Root end point calls	START	1677724000479
REQUEST		root end point	1677724000478	1677724000480	OK	 
USER	Root end point calls	END	1677724000481
USER	Root end point calls	START	1677724000579
REQUEST		root end point	1677724000579	1677724000581	OK	 
USER	Root end point calls	END	1677724000581
USER	Root end point calls	START	1677724000678
REQUEST		root end point	1677724000678	1677724000680	OK	 
USER	Root end point calls	END	1677724000680
USER	Root end point calls	START	1677724000780
REQUEST		root end point	1677724000779	1677724000781	OK	 
USER	Root end point calls	END	1677724000782
USER	Root end point calls	START	1677724000881
REQUEST		root end point	1677724000880	1677724000882	OK	 
USER	Root end point calls	END	1677724000883
USER	Root end point calls	START	1677724000981
REQUEST		root end point	1677724000981	1677724000983	OK	 
USER	Root end point calls	END	1677724000983
USER	Root end point calls	START	1677724001081
REQUEST		root end point	1677724001080	1677724001082	OK	 
USER	Root end point calls	END	1677724001083
USER	Root end point calls	START	1677724001180
REQUEST		root end point	1677724001180	1677724001182	OK	 
USER	Root end point calls	END	1677724001182
USER	Root end point calls	START	1677724001278
REQUEST		root end point	1677724001278	1677724001280	OK	 
USER	Root end point calls	END	1677724001280
USER	Root end point calls	START	1677724001378
REQUEST		root end point	1677724001378	1677724001380	OK	 
USER	Root end point calls	END	1677724001380
USER	Root end point calls	START	1677724001478
REQUEST		root end point	1677724001478	1677724001480	OK	 
USER	Root end point calls	END	1677724001480
USER	Root end point calls	START	1677724001578
REQUEST		root end point	1677724001578	1677724001580	OK	 
USER	Root end point calls	END	1677724001580
USER	Root end point calls	START	1677724001677
REQUEST		root end point	1677724001677	1677724001679	OK	 
USER	Root end point calls	END	1677724001679
USER	Root end point calls	START	1677724001778
REQUEST		root end point	1677724001778	1677724001780	OK	 
USER	Root end point calls	END	1677724001781
USER	Root end point calls	START	1677724001879
REQUEST		root end point	1677724001879	1677724001881	OK	 
USER	Root end point calls	END	1677724001881
USER	Root end point calls	START	1677724001978
REQUEST		root end point	1677724001978	1677724001980	OK	 
USER	Root end point calls	END	1677724001980
USER	Root end point calls	START	1677724002078
REQUEST		root end point	1677724002077	1677724002079	OK	 
USER	Root end point calls	END	1677724002080
USER	Root end point calls	START	1677724002179
REQUEST		root end point	1677724002179	1677724002180	OK	 
USER	Root end point calls	END	1677724002181
USER	Root end point calls	START	1677724002278
REQUEST		root end point	1677724002277	1677724002280	OK	 
USER	Root end point calls	END	1677724002280
USER	Root end point calls	START	1677724002378
REQUEST		root end point	1677724002377	1677724002379	OK	 
USER	Root end point calls	END	1677724002380
USER	Root end point calls	START	1677724002478
REQUEST		root end point	1677724002478	1677724002480	OK	 
USER	Root end point calls	END	1677724002480
USER	Root end point calls	START	1677724002577
REQUEST		root end point	1677724002577	1677724002579	OK	 
USER	Root end point calls	END	1677724002579
USER	Root end point calls	START	1677724002679
REQUEST		root end point	1677724002678	1677724002680	OK	 
USER	Root end point calls	END	1677724002681
USER	Root end point calls	START	1677724002779
REQUEST		root end point	1677724002778	1677724002780	OK	 
USER	Root end point calls	END	1677724002781
USER	Root end point calls	START	1677724002878
REQUEST		root end point	1677724002878	1677724002881	OK	 
USER	Root end point calls	END	1677724002882
USER	Root end point calls	START	1677724002978
REQUEST		root end point	1677724002977	1677724002980	OK	 
USER	Root end point calls	END	1677724002980
USER	Root end point calls	START	1677724003079
REQUEST		root end point	1677724003078	1677724003080	OK	 
USER	Root end point calls	END	1677724003081
USER	Root end point calls	START	1677724003177
REQUEST		root end point	1677724003177	1677724003179	OK	 
USER	Root end point calls	END	1677724003179
USER	Root end point calls	START	1677724003278
REQUEST		root end point	1677724003278	1677724003280	OK	 
USER	Root end point calls	END	1677724003280
USER	Root end point calls	START	1677724003377
REQUEST		root end point	1677724003377	1677724003379	OK	 
USER	Root end point calls	END	1677724003379
USER	Root end point calls	START	1677724003479
REQUEST		root end point	1677724003478	1677724003481	OK	 
USER	Root end point calls	END	1677724003481
USER	Root end point calls	START	1677724003578
REQUEST		root end point	1677724003577	1677724003580	OK	 
USER	Root end point calls	END	1677724003580
USER	Root end point calls	START	1677724003679
REQUEST		root end point	1677724003679	1677724003681	OK	 
USER	Root end point calls	END	1677724003682
USER	Root end point calls	START	1677724003778
REQUEST		root end point	1677724003778	1677724003781	OK	 
USER	Root end point calls	END	1677724003781
USER	Root end point calls	START	1677724003879
REQUEST		root end point	1677724003878	1677724003881	OK	 
USER	Root end point calls	END	1677724003881
USER	Root end point calls	START	1677724003979
REQUEST		root end point	1677724003979	1677724003981	OK	 
USER	Root end point calls	END	1677724003981
USER	Root end point calls	START	1677724004079
REQUEST		root end point	1677724004079	1677724004081	OK	 
USER	Root end point calls	END	1677724004081
USER	Root end point calls	START	1677724004178
REQUEST		root end point	1677724004178	1677724004180	OK	 
USER	Root end point calls	END	1677724004180
USER	Root end point calls	START	1677724004278
REQUEST		root end point	1677724004277	1677724004279	OK	 
USER	Root end point calls	END	1677724004280
USER	Root end point calls	START	1677724004377
REQUEST		root end point	1677724004377	1677724004379	OK	 
USER	Root end point calls	END	1677724004379
USER	Root end point calls	START	1677724004478
REQUEST		root end point	1677724004478	1677724004480	OK	 
USER	Root end point calls	END	1677724004480
USER	Root end point calls	START	1677724004578
REQUEST		root end point	1677724004578	1677724004580	OK	 
USER	Root end point calls	END	1677724004580
USER	Root end point calls	START	1677724004678
REQUEST		root end point	1677724004677	1677724004679	OK	 
USER	Root end point calls	END	1677724004680
USER	Root end point calls	START	1677724004778
REQUEST		root end point	1677724004778	1677724004780	OK	 
USER	Root end point calls	END	1677724004780
USER	Root end point calls	START	1677724004877
REQUEST		root end point	1677724004877	1677724004879	OK	 
USER	Root end point calls	END	1677724004879
USER	Root end point calls	START	1677724004978
REQUEST		root end point	1677724004978	1677724004980	OK	 
USER	Root end point calls	END	1677724004980
USER	Root end point calls	START	1677724005079
REQUEST		root end point	1677724005078	1677724005081	OK	 
USER	Root end point calls	END	1677724005081
USER	Root end point calls	START	1677724005179
REQUEST		root end point	1677724005178	1677724005180	OK	 
USER	Root end point calls	END	1677724005181
USER	Root end point calls	START	1677724005278
REQUEST		root end point	1677724005278	1677724005280	OK	 
USER	Root end point calls	END	1677724005280
USER	Root end point calls	START	1677724005378
REQUEST		root end point	1677724005377	1677724005379	OK	 
USER	Root end point calls	END	1677724005380
USER	Root end point calls	START	1677724005477
REQUEST		root end point	1677724005477	1677724005478	OK	 
USER	Root end point calls	END	1677724005479
USER	Root end point calls	START	1677724005578
REQUEST		root end point	1677724005578	1677724005580	OK	 
USER	Root end point calls	END	1677724005580
USER	Root end point calls	START	1677724005678
REQUEST		root end point	1677724005678	1677724005680	OK	 
USER	Root end point calls	END	1677724005680
USER	Root end point calls	START	1677724005778
REQUEST		root end point	1677724005778	1677724005780	OK	 
USER	Root end point calls	END	1677724005780
USER	Root end point calls	START	1677724005878
REQUEST		root end point	1677724005878	1677724005880	OK	 
USER	Root end point calls	END	1677724005880
USER	Root end point calls	START	1677724005978
REQUEST		root end point	1677724005978	1677724005980	OK	 
USER	Root end point calls	END	1677724005980
USER	Root end point calls	START	1677724006079
REQUEST		root end point	1677724006079	1677724006081	OK	 
USER	Root end point calls	END	1677724006081
